Log file open, 03/26/17 21:46:30
LogInit:Display: Running engine for game: UnderGround
LogPlatformFile: Not using cached read wrapper
LogInit:Display: RandInit(-1389345555) SRandInit(-1389345555).
LogTaskGraph: Started task graph with 5 named threads and 8 total threads with 1 sets of task threads.
LogStats: Stats thread started at 0.108874
LogPluginManager: Loaded Plugin Paper2D, From C:/Program Files/Epic Games/UE_4.14/Engine/Plugins/2D/Paper2D/Paper2D.uplugin
LogPluginManager: Loaded Plugin LightPropagationVolume, From C:/Program Files/Epic Games/UE_4.14/Engine/Plugins/Blendables/LightPropagationVolume/LightPropagationVolume.uplugin
LogPluginManager: Loaded Plugin BlankPlugin, From C:/Program Files/Epic Games/UE_4.14/Engine/Plugins/Developer/BlankPlugin/BlankPlugin.uplugin
LogPluginManager: Loaded Plugin CodeLiteSourceCodeAccess, From C:/Program Files/Epic Games/UE_4.14/Engine/Plugins/Developer/CodeLiteSourceCodeAccess/CodeLiteSourceCodeAccess.uplugin
LogPluginManager: Loaded Plugin GitSourceControl, From C:/Program Files/Epic Games/UE_4.14/Engine/Plugins/Developer/GitSourceControl/GitSourceControl.uplugin
LogPluginManager: Loaded Plugin KDevelopSourceCodeAccess, From C:/Program Files/Epic Games/UE_4.14/Engine/Plugins/Developer/KDevelopSourceCodeAccess/KDevelopSourceCodeAccess.uplugin
LogPluginManager: Loaded Plugin NullSourceCodeAccess, From C:/Program Files/Epic Games/UE_4.14/Engine/Plugins/Developer/NullSourceCodeAccess/NullSourceCodeAccess.uplugin
LogPluginManager: Loaded Plugin OneSkyLocalizationService, From C:/Program Files/Epic Games/UE_4.14/Engine/Plugins/Developer/OneSkyLocalizationService/OneSkyLocalizationService.uplugin
LogPluginManager: Loaded Plugin PerforceSourceControl, From C:/Program Files/Epic Games/UE_4.14/Engine/Plugins/Developer/PerforceSourceControl/PerforceSourceControl.uplugin
LogPluginManager: Loaded Plugin SubversionSourceControl, From C:/Program Files/Epic Games/UE_4.14/Engine/Plugins/Developer/SubversionSourceControl/SubversionSourceControl.uplugin
LogPluginManager: Loaded Plugin UObjectPlugin, From C:/Program Files/Epic Games/UE_4.14/Engine/Plugins/Developer/UObjectPlugin/UObjectPlugin.uplugin
LogPluginManager: Loaded Plugin VisualStudioSourceCodeAccess, From C:/Program Files/Epic Games/UE_4.14/Engine/Plugins/Developer/VisualStudioSourceCodeAccess/VisualStudioSourceCodeAccess.uplugin
LogPluginManager: Loaded Plugin XCodeSourceCodeAccess, From C:/Program Files/Epic Games/UE_4.14/Engine/Plugins/Developer/XCodeSourceCodeAccess/XCodeSourceCodeAccess.uplugin
LogPluginManager: Loaded Plugin AudioCapture, From C:/Program Files/Epic Games/UE_4.14/Engine/Plugins/Editor/AudioCapture/AudioCapture.uplugin
LogPluginManager: Loaded Plugin EpicSurvey, From C:/Program Files/Epic Games/UE_4.14/Engine/Plugins/Editor/EpicSurvey/EpicSurvey.uplugin
LogPluginManager: Loaded Plugin MacGraphicsSwitching, From C:/Program Files/Epic Games/UE_4.14/Engine/Plugins/Editor/MacGraphicsSwitching/MacGraphicsSwitching.uplugin
LogPluginManager: Loaded Plugin MobileLauncherProfileWizard, From C:/Program Files/Epic Games/UE_4.14/Engine/Plugins/Editor/MobileLauncherProfileWizard/MobileLauncherProfileWizard.uplugin
LogPluginManager: Loaded Plugin PluginBrowser, From C:/Program Files/Epic Games/UE_4.14/Engine/Plugins/Editor/PluginBrowser/PluginBrowser.uplugin
LogPluginManager: Loaded Plugin SpeedTreeImporter, From C:/Program Files/Epic Games/UE_4.14/Engine/Plugins/Editor/SpeedTreeImporter/SpeedTreeImporter.uplugin
LogPluginManager: Loaded Plugin SuperSearchEditor, From C:/Program Files/Epic Games/UE_4.14/Engine/Plugins/Editor/SuperSearchEditor/SuperSearchEditor.uplugin
LogPluginManager: Loaded Plugin AlembicImporter, From C:/Program Files/Epic Games/UE_4.14/Engine/Plugins/Experimental/AlembicImporter/AlembicImporter.uplugin
LogPluginManager: Loaded Plugin BlueprintStats, From C:/Program Files/Epic Games/UE_4.14/Engine/Plugins/Experimental/BlueprintStats/BlueprintStats.uplugin
LogPluginManager: Loaded Plugin CharacterAI, From C:/Program Files/Epic Games/UE_4.14/Engine/Plugins/Experimental/CharacterAI/CharacterAI.uplugin
LogPluginManager: Loaded Plugin CodeEditor, From C:/Program Files/Epic Games/UE_4.14/Engine/Plugins/Experimental/CodeEditor/CodeEditor.uplugin
LogPluginManager: Loaded Plugin CodeView, From C:/Program Files/Epic Games/UE_4.14/Engine/Plugins/Experimental/CodeView/CodeView.uplugin
LogPluginManager: Loaded Plugin HTML5Networking, From C:/Program Files/Epic Games/UE_4.14/Engine/Plugins/Experimental/HTML5Networking/HTML5Networking.uplugin
LogPluginManager: Loaded Plugin OSVR, From C:/Program Files/Epic Games/UE_4.14/Engine/Plugins/Experimental/OSVR/OSVR.uplugin
LogPluginManager: Loaded Plugin Phya, From C:/Program Files/Epic Games/UE_4.14/Engine/Plugins/Experimental/Phya/Phya.uplugin
LogPluginManager: Loaded Plugin SignificanceManager, From C:/Program Files/Epic Games/UE_4.14/Engine/Plugins/Experimental/SignificanceManager/SignificanceManager.uplugin
LogPluginManager: Loaded Plugin SimpleHMD, From C:/Program Files/Epic Games/UE_4.14/Engine/Plugins/Experimental/SimpleHMD/SimpleHMD.uplugin
LogPluginManager: Loaded Plugin StereoPanorama, From C:/Program Files/Epic Games/UE_4.14/Engine/Plugins/Experimental/StereoPanorama/StereoPanorama.uplugin
LogPluginManager: Loaded Plugin StructBox, From C:/Program Files/Epic Games/UE_4.14/Engine/Plugins/Experimental/StructBox/StructBox.uplugin
LogPluginManager: Loaded Plugin LowEntryExtStdLib, From C:/Program Files/Epic Games/UE_4.14/Engine/Plugins/Marketplace/LowEntryExtStdLib/LowEntryExtStdLib.uplugin
LogPluginManager: Loaded Plugin Substance, From C:/Program Files/Epic Games/UE_4.14/Engine/Plugins/Marketplace/Substance/Substance.uplugin
LogPluginManager: Loaded Plugin AndroidMedia, From C:/Program Files/Epic Games/UE_4.14/Engine/Plugins/Media/AndroidMedia/AndroidMedia.uplugin
LogPluginManager: Loaded Plugin AvfMedia, From C:/Program Files/Epic Games/UE_4.14/Engine/Plugins/Media/AvfMedia/AvfMedia.uplugin
LogPluginManager: Loaded Plugin MediaPlayerEditor, From C:/Program Files/Epic Games/UE_4.14/Engine/Plugins/Media/MediaPlayerEditor/MediaPlayerEditor.uplugin
LogPluginManager: Loaded Plugin WmfMedia, From C:/Program Files/Epic Games/UE_4.14/Engine/Plugins/Media/WmfMedia/WmfMedia.uplugin
LogPluginManager: Loaded Plugin MessagingDebugger, From C:/Program Files/Epic Games/UE_4.14/Engine/Plugins/Messaging/MessagingDebugger/MessagingDebugger.uplugin
LogPluginManager: Loaded Plugin TcpMessaging, From C:/Program Files/Epic Games/UE_4.14/Engine/Plugins/Messaging/TcpMessaging/TcpMessaging.uplugin
LogPluginManager: Loaded Plugin UdpMessaging, From C:/Program Files/Epic Games/UE_4.14/Engine/Plugins/Messaging/UdpMessaging/UdpMessaging.uplugin
LogPluginManager: Loaded Plugin LevelSequenceEditor, From C:/Program Files/Epic Games/UE_4.14/Engine/Plugins/MovieScene/LevelSequenceEditor/LevelSequenceEditor.uplugin
LogPluginManager: Loaded Plugin MatineeToLevelSequence, From C:/Program Files/Epic Games/UE_4.14/Engine/Plugins/MovieScene/MatineeToLevelSequence/MatineeToLevelSequence.uplugin
LogPluginManager: Loaded Plugin NetcodeUnitTest, From C:/Program Files/Epic Games/UE_4.14/Engine/Plugins/NetcodeUnitTest/NetcodeUnitTest/NetcodeUnitTest.uplugin
LogPluginManager: Loaded Plugin NUTUnrealEngine4, From C:/Program Files/Epic Games/UE_4.14/Engine/Plugins/NetcodeUnitTest/NUTUnrealEngine4/NUTUnrealEngine4.uplugin
LogPluginManager: Loaded Plugin OnlineSubsystemGameCircle, From C:/Program Files/Epic Games/UE_4.14/Engine/Plugins/Online/Android/OnlineSubsystemGameCircle/OnlineSubsystemGameCircle.uplugin
LogPluginManager: Loaded Plugin OnlineSubsystemGooglePlay, From C:/Program Files/Epic Games/UE_4.14/Engine/Plugins/Online/Android/OnlineSubsystemGooglePlay/OnlineSubsystemGooglePlay.uplugin
LogPluginManager: Loaded Plugin OnlineSubsystemIOS, From C:/Program Files/Epic Games/UE_4.14/Engine/Plugins/Online/IOS/OnlineSubsystemIOS/OnlineSubsystemIOS.uplugin
LogPluginManager: Loaded Plugin OnlineFramework, From C:/Program Files/Epic Games/UE_4.14/Engine/Plugins/Online/OnlineFramework/OnlineFramework.uplugin
LogPluginManager: Loaded Plugin OnlineSubsystem, From C:/Program Files/Epic Games/UE_4.14/Engine/Plugins/Online/OnlineSubsystem/OnlineSubsystem.uplugin
LogPluginManager: Loaded Plugin OnlineSubsystemAmazon, From C:/Program Files/Epic Games/UE_4.14/Engine/Plugins/Online/OnlineSubsystemAmazon/OnlineSubsystemAmazon.uplugin
LogPluginManager: Loaded Plugin OnlineSubsystemFacebook, From C:/Program Files/Epic Games/UE_4.14/Engine/Plugins/Online/OnlineSubsystemFacebook/OnlineSubsystemFacebook.uplugin
LogPluginManager: Loaded Plugin OnlineSubsystemNull, From C:/Program Files/Epic Games/UE_4.14/Engine/Plugins/Online/OnlineSubsystemNull/OnlineSubsystemNull.uplugin
LogPluginManager: Loaded Plugin OnlineSubsystemOculus, From C:/Program Files/Epic Games/UE_4.14/Engine/Plugins/Online/OnlineSubsystemOculus/OnlineSubsystemOculus.uplugin
LogPluginManager: Loaded Plugin OnlineSubsystemSteam, From C:/Program Files/Epic Games/UE_4.14/Engine/Plugins/Online/OnlineSubsystemSteam/OnlineSubsystemSteam.uplugin
LogPluginManager: Loaded Plugin OnlineSubsystemUtils, From C:/Program Files/Epic Games/UE_4.14/Engine/Plugins/Online/OnlineSubsystemUtils/OnlineSubsystemUtils.uplugin
LogPluginManager: Loaded Plugin IOSTapJoy, From C:/Program Files/Epic Games/UE_4.14/Engine/Plugins/Runtime/Advertising/IOSTapJoy/IOSTapJoy.uplugin
LogPluginManager: Loaded Plugin AnalyticsBlueprintLibrary, From C:/Program Files/Epic Games/UE_4.14/Engine/Plugins/Runtime/Analytics/AnalyticsBlueprintLibrary/AnalyticsBlueprintLibrary.uplugin
LogPluginManager: Loaded Plugin AnalyticsMulticast, From C:/Program Files/Epic Games/UE_4.14/Engine/Plugins/Runtime/Analytics/AnalyticsMulticast/AnalyticsMulticast.uplugin
LogPluginManager: Loaded Plugin Apsalar, From C:/Program Files/Epic Games/UE_4.14/Engine/Plugins/Runtime/Analytics/Apsalar/Apsalar.uplugin
LogPluginManager: Loaded Plugin FileLogging, From C:/Program Files/Epic Games/UE_4.14/Engine/Plugins/Runtime/Analytics/FileLogging/FileLogging.uplugin
LogPluginManager: Loaded Plugin Flurry, From C:/Program Files/Epic Games/UE_4.14/Engine/Plugins/Runtime/Analytics/Flurry/Flurry.uplugin
LogPluginManager: Loaded Plugin AndroidDeviceProfileSelector, From C:/Program Files/Epic Games/UE_4.14/Engine/Plugins/Runtime/AndroidDeviceProfileSelector/AndroidDeviceProfileSelector.uplugin
LogPluginManager: Loaded Plugin AndroidMoviePlayer, From C:/Program Files/Epic Games/UE_4.14/Engine/Plugins/Runtime/AndroidMoviePlayer/AndroidMoviePlayer.uplugin
LogPluginManager: Loaded Plugin AppleMoviePlayer, From C:/Program Files/Epic Games/UE_4.14/Engine/Plugins/Runtime/AppleMoviePlayer/AppleMoviePlayer.uplugin
LogPluginManager: Loaded Plugin ArchVisCharacter, From C:/Program Files/Epic Games/UE_4.14/Engine/Plugins/Runtime/ArchVisCharacter/ArchVisCharacter.uplugin
LogPluginManager: Loaded Plugin CableComponent, From C:/Program Files/Epic Games/UE_4.14/Engine/Plugins/Runtime/CableComponent/CableComponent.uplugin
LogPluginManager: Loaded Plugin CustomMeshComponent, From C:/Program Files/Epic Games/UE_4.14/Engine/Plugins/Runtime/CustomMeshComponent/CustomMeshComponent.uplugin
LogPluginManager: Loaded Plugin ExampleDeviceProfileSelector, From C:/Program Files/Epic Games/UE_4.14/Engine/Plugins/Runtime/ExampleDeviceProfileSelector/ExampleDeviceProfileSelector.uplugin
LogPluginManager: Loaded Plugin GearVR, From C:/Program Files/Epic Games/UE_4.14/Engine/Plugins/Runtime/GearVR/GearVR.uplugin
LogPluginManager: Loaded Plugin GoogleVRController, From C:/Program Files/Epic Games/UE_4.14/Engine/Plugins/Runtime/GoogleVR/GoogleVRController/GoogleVRController.uplugin
LogPluginManager: Loaded Plugin GoogleVRHMD, From C:/Program Files/Epic Games/UE_4.14/Engine/Plugins/Runtime/GoogleVR/GoogleVRHMD/GoogleVRHMD.uplugin
LogPluginManager: Loaded Plugin IOSDeviceProfileSelector, From C:/Program Files/Epic Games/UE_4.14/Engine/Plugins/Runtime/IOSDeviceProfileSelector/IOSDeviceProfileSelector.uplugin
LogPluginManager: Loaded Plugin LeapMotion, From C:/Program Files/Epic Games/UE_4.14/Engine/Plugins/Runtime/LeapMotion/LeapMotion.uplugin
LogPluginManager: Loaded Plugin LinuxDeviceProfileSelector, From C:/Program Files/Epic Games/UE_4.14/Engine/Plugins/Runtime/LinuxDeviceProfileSelector/LinuxDeviceProfileSelector.uplugin
LogPluginManager: Loaded Plugin MIDIDevice, From C:/Program Files/Epic Games/UE_4.14/Engine/Plugins/Runtime/MIDIDevice/MIDIDevice.uplugin
LogPluginManager: Loaded Plugin MobilePatchingUtils, From C:/Program Files/Epic Games/UE_4.14/Engine/Plugins/Runtime/MobilePatchingUtils/MobilePatchingUtils.uplugin
LogPluginManager: Loaded Plugin Ansel, From C:/Program Files/Epic Games/UE_4.14/Engine/Plugins/Runtime/Nvidia/Ansel/Ansel.uplugin
LogPluginManager: Loaded Plugin OculusAudio, From C:/Program Files/Epic Games/UE_4.14/Engine/Plugins/Runtime/OculusAudio/OculusAudio.uplugin
LogPluginManager: Loaded Plugin OculusInput, From C:/Program Files/Epic Games/UE_4.14/Engine/Plugins/Runtime/OculusInput/OculusInput.uplugin
LogPluginManager: Loaded Plugin OculusLibrary, From C:/Program Files/Epic Games/UE_4.14/Engine/Plugins/Runtime/OculusLibrary/OculusLibrary.uplugin
LogPluginManager: Loaded Plugin OculusRift, From C:/Program Files/Epic Games/UE_4.14/Engine/Plugins/Runtime/OculusRift/OculusRift.uplugin
LogPluginManager: Loaded Plugin Oodle, From C:/Program Files/Epic Games/UE_4.14/Engine/Plugins/Runtime/PacketHandlers/CompressionComponents/Oodle/Oodle.uplugin
LogPluginManager: Loaded Plugin ProceduralMeshComponent, From C:/Program Files/Epic Games/UE_4.14/Engine/Plugins/Runtime/ProceduralMeshComponent/ProceduralMeshComponent.uplugin
LogPluginManager: Loaded Plugin SoundMod, From C:/Program Files/Epic Games/UE_4.14/Engine/Plugins/Runtime/SoundMod/SoundMod.uplugin
LogPluginManager: Loaded Plugin SoundVisualizations, From C:/Program Files/Epic Games/UE_4.14/Engine/Plugins/Runtime/SoundVisualizations/SoundVisualizations.uplugin
LogPluginManager: Loaded Plugin SteamController, From C:/Program Files/Epic Games/UE_4.14/Engine/Plugins/Runtime/Steam/SteamController/SteamController.uplugin
LogPluginManager: Loaded Plugin SteamVR, From C:/Program Files/Epic Games/UE_4.14/Engine/Plugins/Runtime/Steam/SteamVR/SteamVR.uplugin
LogPluginManager: Loaded Plugin WebBrowserWidget, From C:/Program Files/Epic Games/UE_4.14/Engine/Plugins/Runtime/WebBrowserWidget/WebBrowserWidget.uplugin
LogPluginManager: Loaded Plugin WindowsDeviceProfileSelector, From C:/Program Files/Epic Games/UE_4.14/Engine/Plugins/Runtime/WindowsDeviceProfileSelector/WindowsDeviceProfileSelector.uplugin
LogPluginManager: Loaded Plugin WindowsMoviePlayer, From C:/Program Files/Epic Games/UE_4.14/Engine/Plugins/Runtime/WindowsMoviePlayer/WindowsMoviePlayer.uplugin
LogPluginManager: Loaded Plugin ScriptPlugin, From C:/Program Files/Epic Games/UE_4.14/Engine/Plugins/ScriptPlugin/ScriptPlugin.uplugin
LogPluginManager: Loaded Plugin SlateRemote, From C:/Program Files/Epic Games/UE_4.14/Engine/Plugins/Slate/SlateRemote/SlateRemote.uplugin
LogPluginManager: Loaded Plugin EditorTests, From C:/Program Files/Epic Games/UE_4.14/Engine/Plugins/Tests/EditorTests/EditorTests.uplugin
LogPluginManager: Loaded Plugin FbxAutomationTestBuilder, From C:/Program Files/Epic Games/UE_4.14/Engine/Plugins/Tests/FbxAutomationTestBuilder/FbxAutomationTestBuilder.uplugin
LogPluginManager: Loaded Plugin FunctionalTestingEditor, From C:/Program Files/Epic Games/UE_4.14/Engine/Plugins/Tests/FunctionalTestingEditor/FunctionalTestingEditor.uplugin
LogPluginManager: Loaded Plugin RuntimeTests, From C:/Program Files/Epic Games/UE_4.14/Engine/Plugins/Tests/RuntimeTests/RuntimeTests.uplugin
LogPluginManager: Loaded Plugin ScreenshotTools, From C:/Program Files/Epic Games/UE_4.14/Engine/Plugins/Tests/ScreenshotTools/ScreenshotTools.uplugin
LogInit: Using libcurl 7.47.1
LogInit:  - built for x86_64-pc-win32
LogInit:  - supports SSL with OpenSSL/1.0.2g
LogInit:  - supports HTTP deflate (compression) using libz 1.2.8
LogInit:  - other features:
LogInit:      CURL_VERSION_SSL
LogInit:      CURL_VERSION_LIBZ
LogInit:      CURL_VERSION_IPV6
LogInit:      CURL_VERSION_ASYNCHDNS
LogInit:      CURL_VERSION_LARGEFILE
LogInit:      CURL_VERSION_IDN
LogInit:  CurlRequestOptions (configurable via config and command line):
LogInit:  - bVerifyPeer = false  - Libcurl will NOT verify peer certificate
LogInit:  - bUseHttpProxy = false  - Libcurl will NOT use HTTP proxy
LogInit:  - bDontReuseConnections = false  - Libcurl will reuse connections
LogInit:  - CertBundlePath = nullptr  - Libcurl will use whatever was configured at build time.
LogInit: Build: ++UE4+Release-4.14-CL-3249277
LogInit: Engine Version: 4.14.3-3249277+++UE4+Release-4.14
LogInit: Compatible Engine Version: 4.14.0-3195953+++UE4+Release-4.14
LogInit: Net CL: 3195953
LogDevObjectVersion: Number of dev versions registered: 13
LogDevObjectVersion:   Dev-Blueprints (B0D832E4-1F89-4F0D-ACCF-7EB736FD4AA2): 7
LogDevObjectVersion:   Dev-Build (E1C64328-A22C-4D53-A36C-8E866417BD8C): 0
LogDevObjectVersion:   Dev-Core (375EC13C-06E4-48FB-B500-84F0262A717E): 1
LogDevObjectVersion:   Dev-Editor (E4B068ED-F494-42E9-A231-DA0B2E46BB41): 8
LogDevObjectVersion:   Dev-Framework (CFFC743F-43B0-4480-9391-14DF171D2073): 17
LogDevObjectVersion:   Dev-Mobile (B02B49B5-BB20-44E9-A304-32B752E40360): 0
LogDevObjectVersion:   Dev-Networking (A4E4105C-59A1-49B5-A7C5-40C4547EDFEE): 0
LogDevObjectVersion:   Dev-Online (39C831C9-5AE6-47DC-9A44-9C173E1C8E7C): 0
LogDevObjectVersion:   Dev-Physics (78F01B33-EBEA-4F98-B9B4-84EACCB95AA2): 0
LogDevObjectVersion:   Dev-Platform (6631380F-2D4D-43E0-8009-CF276956A95A): 0
LogDevObjectVersion:   Dev-Rendering (12F88B9F-8875-4AFC-A67C-D90C383ABD29): 12
LogDevObjectVersion:   Dev-Sequencer (7B5AE74C-D270-4C10-A958-57980B212A5A): 1
LogDevObjectVersion:   Dev-VR (D7296918-1DD6-4BDD-9DE2-64A83CC13884): 0
LogInit: Compiled (64-bit): Jan  6 2017 10:49:43
LogInit: Compiled with Visual C++: 19.00.23026.00
LogInit: Build Configuration: Development
LogInit: Branch Name: ++UE4+Release-4.14
LogInit: Command line:  
LogInit: Base directory: C:/Program Files/Epic Games/UE_4.14/Engine/Binaries/Win64/
LogInit: Installed Engine Build: 1
LogInit: Presizing for max 8388607 objects, including 0 objects not considered by GC, pre-allocating 0 bytes for permanent pool.
LogInit: Object subsystem initialized
[2017.03.27-01.46.31:457][  0]LogInit: Selected Device Profile: [Windows]
[2017.03.27-01.46.31:457][  0]LogInit: Applying CVar settings loaded from the selected device profile: [Windows]
[2017.03.27-01.46.31:472][  0]LogInit: Computer: DESKTOP-QSL9CCQ
[2017.03.27-01.46.31:472][  0]LogInit: User: Jer
[2017.03.27-01.46.31:472][  0]LogInit: CPU Page size=65536, Cores=4
[2017.03.27-01.46.31:472][  0]LogInit: High frequency timer resolution =3.710994 MHz
[2017.03.27-01.46.31:473][  0]LogMemory: Memory total: Physical=15.9GB (16GB approx)
[2017.03.27-01.46.31:473][  0]LogMemory: Platform Memory Stats for Windows
[2017.03.27-01.46.31:473][  0]LogMemory: Process Physical Memory: 267.31 MB used, 267.31 MB peak
[2017.03.27-01.46.31:473][  0]LogMemory: Process Virtual Memory: 262.80 MB used, 262.80 MB peak
[2017.03.27-01.46.31:473][  0]LogMemory: Physical Memory: 8118.13 MB used,  8212.88 MB free, 16331.01 MB total
[2017.03.27-01.46.31:473][  0]LogMemory: Virtual Memory: 662.46 MB used,  8212.88 MB free, 134217728.00 MB total
[2017.03.27-01.46.31:523][  0]LogTextLocalizationManager: No specific translations for ('en-US') exist, so ('en') translations will be used.
[2017.03.27-01.46.32:695][  0]LogD3D11RHI: D3D11 adapters:
[2017.03.27-01.46.32:746][  0]LogD3D11RHI:    0. 'AMD Radeon (TM) R9 380 Series' (Feature Level 11_0)
[2017.03.27-01.46.32:746][  0]LogD3D11RHI:       4072/0/8165 MB DedicatedVideo/DedicatedSystem/SharedSystem, Outputs:1, VendorId:0x1002
[2017.03.27-01.46.32:770][  0]LogD3D11RHI:    1. 'AMD Radeon R9 200 Series' (Feature Level 11_0)
[2017.03.27-01.46.32:770][  0]LogD3D11RHI:       3053/0/8165 MB DedicatedVideo/DedicatedSystem/SharedSystem, Outputs:2, VendorId:0x1002
[2017.03.27-01.46.32:774][  0]LogD3D11RHI:    2. 'Microsoft Basic Render Driver' (Feature Level 11_0)
[2017.03.27-01.46.32:774][  0]LogD3D11RHI:       0/0/8165 MB DedicatedVideo/DedicatedSystem/SharedSystem, Outputs:0, VendorId:0x1414
[2017.03.27-01.46.32:774][  0]LogD3D11RHI: Chosen D3D11 Adapter: 0
[2017.03.27-01.46.32:786][  0]LogD3D11RHI: Creating new Direct3DDevice
[2017.03.27-01.46.32:786][  0]LogD3D11RHI:     GPU DeviceId: 0x6938 (for the marketing name, search the web for "GPU Device Id")
[2017.03.27-01.46.32:786][  0]LogWindows: EnumDisplayDevices:
[2017.03.27-01.46.32:786][  0]LogWindows:    0. 'AMD Radeon (TM) R9 380 Series' (P:1 D:1)
[2017.03.27-01.46.32:787][  0]LogWindows:    1. 'AMD Radeon (TM) R9 380 Series' (P:0 D:0)
[2017.03.27-01.46.32:788][  0]LogWindows:    2. 'AMD Radeon (TM) R9 380 Series' (P:0 D:0)
[2017.03.27-01.46.32:789][  0]LogWindows:    3. 'AMD Radeon (TM) R9 380 Series' (P:0 D:0)
[2017.03.27-01.46.32:790][  0]LogWindows:    4. 'AMD Radeon (TM) R9 380 Series' (P:0 D:0)
[2017.03.27-01.46.32:791][  0]LogWindows:    5. 'AMD Radeon (TM) R9 380 Series' (P:0 D:0)
[2017.03.27-01.46.32:792][  0]LogWindows:    6. 'AMD Radeon R9 200 Series' (P:0 D:1)
[2017.03.27-01.46.32:793][  0]LogWindows:    7. 'AMD Radeon R9 200 Series' (P:0 D:1)
[2017.03.27-01.46.32:794][  0]LogWindows:    8. 'AMD Radeon R9 200 Series' (P:0 D:0)
[2017.03.27-01.46.32:796][  0]LogWindows:    9. 'AMD Radeon R9 200 Series' (P:0 D:0)
[2017.03.27-01.46.32:797][  0]LogWindows:    10. 'AMD Radeon R9 200 Series' (P:0 D:0)
[2017.03.27-01.46.32:798][  0]LogWindows:    11. 'AMD Radeon R9 200 Series' (P:0 D:0)
[2017.03.27-01.46.32:799][  0]LogWindows: DebugString: PrimaryIsNotTheChoosenAdapter PrimaryIsNotTheChoosenAdapter PrimaryIsNotTheChoosenAdapter PrimaryIsNotTheChoosenAdapter PrimaryIsNotTheChoosenAdapter PrimaryIsNotTheChoosenAdapter FoundDriverCount:6 
[2017.03.27-01.46.32:799][  0]LogD3D11RHI:     Adapter Name: AMD Radeon (TM) R9 380 Series
[2017.03.27-01.46.32:799][  0]LogD3D11RHI:   Driver Version: Crimson ReLive 17.1.2 (internal:21.19.413.0, unified:21.19.413.0)
[2017.03.27-01.46.32:799][  0]LogD3D11RHI:      Driver Date: 1-25-2017
[2017.03.27-01.46.32:799][  0]LogRHI: Texture pool is 1361 MB (70% of 1945 MB)
[2017.03.27-01.46.32:833][  0]LogD3D11RHI: Async texture creation enabled
[2017.03.27-01.46.32:850][  0]LogD3D11RHI: GPU Timing Frequency: 27.000000 (Debug: 2 1)
[2017.03.27-01.46.32:852][  0]LogShaderCompilers: Guid format shader working directory is -18 characters bigger than the processId version (D:/Download/New Team4_Prototype_V_3_5_0/UnderGround_Prototype/Intermediate/Shaders/WorkingDirectory/15104/).
[2017.03.27-01.46.32:852][  0]LogShaderCompilers: Cleaned the shader compiler working directory 'C:/Users/Jer/AppData/Local/Temp/UnrealShaderWorkingDir/B0FA4B8D43D46384D2598485A9C4014C/'.
[2017.03.27-01.46.32:852][  0]LogShaderCompilers:Display: Using Local Shader Compiler.
[2017.03.27-01.46.34:890][  0]LogTemp:Display: Loaded TP AllDesktopTargetPlatform
[2017.03.27-01.46.35:018][  0]LogTemp:Display: Loaded TP MacClientTargetPlatform
[2017.03.27-01.46.35:187][  0]LogTemp:Display: Loaded TP MacNoEditorTargetPlatform
[2017.03.27-01.46.35:325][  0]LogTemp:Display: Loaded TP MacServerTargetPlatform
[2017.03.27-01.46.35:448][  0]LogTemp:Display: Loaded TP MacTargetPlatform
[2017.03.27-01.46.35:583][  0]LogTemp:Display: Loaded TP WindowsClientTargetPlatform
[2017.03.27-01.46.35:732][  0]LogTemp:Display: Loaded TP WindowsNoEditorTargetPlatform
[2017.03.27-01.46.35:875][  0]LogTemp:Display: Loaded TP WindowsServerTargetPlatform
[2017.03.27-01.46.35:991][  0]LogTemp:Display: Loaded TP WindowsTargetPlatform
[2017.03.27-01.46.36:123][  0]LogTemp:Display: Loaded TP AndroidTargetPlatform
[2017.03.27-01.46.36:246][  0]LogTemp:Display: Loaded TP Android_ASTCTargetPlatform
[2017.03.27-01.46.36:394][  0]LogTemp:Display: Loaded TP Android_ATCTargetPlatform
[2017.03.27-01.46.36:542][  0]LogTemp:Display: Loaded TP Android_DXTTargetPlatform
[2017.03.27-01.46.36:665][  0]LogTemp:Display: Loaded TP Android_ETC1TargetPlatform
[2017.03.27-01.46.36:791][  0]LogTemp:Display: Loaded TP Android_ETC2TargetPlatform
[2017.03.27-01.46.37:075][  0]LogTemp:Display: Loaded TP Android_MultiTargetPlatform
[2017.03.27-01.46.37:075][  0]LogTemp:Display: Loaded TP Android_PVRTCTargetPlatform
[2017.03.27-01.46.37:184][  0]LogTemp:Display: Loaded TP HTML5TargetPlatform
[2017.03.27-01.46.37:382][  0]LogTemp:Display: Loaded TP IOSTargetPlatform
[2017.03.27-01.46.37:456][  0]LogTemp:Display: Loaded TP TVOSTargetPlatform
[2017.03.27-01.46.37:579][  0]LogTemp:Display: Loaded TP LinuxClientTargetPlatform
[2017.03.27-01.46.37:703][  0]LogTemp:Display: Loaded TP LinuxNoEditorTargetPlatform
[2017.03.27-01.46.37:828][  0]LogTemp:Display: Loaded TP LinuxServerTargetPlatform
[2017.03.27-01.46.37:951][  0]LogTemp:Display: Loaded TP LinuxTargetPlatform
[2017.03.27-01.46.37:951][  0]LogTargetPlatformManager:Display: Building Assets For Windows
[2017.03.27-01.46.38:914][  0]LogDerivedDataCache:Display: Max Cache Size: 512 MB
[2017.03.27-01.46.39:038][  0]LogDerivedDataCache: Loaded boot cache 0.12s 58MB C:/Users/Jer/AppData/Local/UnrealEngine/4.14/DerivedDataCache/Boot.ddc.
[2017.03.27-01.46.39:038][  0]LogDerivedDataCache:Display: Loaded Boot cache: C:/Users/Jer/AppData/Local/UnrealEngine/4.14/DerivedDataCache/Boot.ddc
[2017.03.27-01.46.39:039][  0]LogDerivedDataCache: FDerivedDataBackendGraph:  Pak pak cache file D:/Download/New Team4_Prototype_V_3_5_0/UnderGround_Prototype/DerivedDataCache/DDC.ddp not found, will not use a pak cache.
[2017.03.27-01.46.39:039][  0]LogDerivedDataCache: Unable to find inner node Pak for hierarchical cache Hierarchy.
[2017.03.27-01.46.39:039][  0]LogDerivedDataCache: FDerivedDataBackendGraph:  CompressedPak pak cache file D:/Download/New Team4_Prototype_V_3_5_0/UnderGround_Prototype/DerivedDataCache/Compressed.ddp not found, will not use a pak cache.
[2017.03.27-01.46.39:039][  0]LogDerivedDataCache: Unable to find inner node CompressedPak for hierarchical cache Hierarchy.
[2017.03.27-01.46.39:066][  0]LogDerivedDataCache:Display: Pak cache opened for reading ../../../Engine/DerivedDataCache/Compressed.ddp.
[2017.03.27-01.46.39:079][  0]LogDerivedDataCache: Using Local data cache path C:/Users/Jer/AppData/Local/UnrealEngine/Common/DerivedDataCache: Writable
[2017.03.27-01.46.39:523][  0]LogInit: Selected Device Profile: [Windows]
[2017.03.27-01.46.39:529][  0]LogContentStreaming: Texture pool size is 0.00 MB
[2017.03.27-01.46.40:011][  0]LogMeshUtilities: Using QuadricMeshReduction for automatic static mesh reduction
[2017.03.27-01.46.40:172][  0]LogSimplygon: Simplygon DLL not present - disabling.
[2017.03.27-01.46.40:334][  0]LogMeshUtilities: Using SimplygonSwarm for distributed automatic mesh merging
[2017.03.27-01.46.40:334][  0]LogMeshUtilities: No automatic skeletal mesh reduction module available
[2017.03.27-01.46.40:334][  0]LogMeshUtilities: No automatic mesh merging module available
[2017.03.27-01.46.40:936][  0]LogExec:Warning: Cannot perform text import on property 'EnvironmentCubeMap' here: EnvironmentCubeMap=TextureCube'/Engine/EditorMaterials/AssetViewer/EpicQuadPanorama_CC+EV1.EpicQuadPanorama_CC+EV1',PostProcessingSettings=(bOverride_WhiteTemp=True,bOverride_WhiteTint=False,bOverride_ColorSaturation=True,bOverride_ColorContrast=True,bOverride_ColorGamma=True,bOverride_ColorGain=True,bOverride_ColorOffset=True,bOverride_FilmWhitePoint=False,bOverride_FilmSaturation=False,bOverride_FilmChannelMixerRed=False,bOverride_FilmChannelMixerGreen=False,bOverride_FilmChannelMixerBlue=False,bOverride_FilmContrast=False,bOverride_FilmDynamicRange=False,bOverride_FilmHealAmount=False,bOverride_FilmToeAmount=False,bOverride_FilmShadowTint=False,bOverride_FilmShadowTintBlend=False,bOverride_FilmShadowTintAmount=False,bOverride_FilmSlope=True,bOverride_FilmToe=True,bOverride_FilmShoulder=True,bOverride_FilmBlackClip=True,bOverride_FilmWhiteClip=True,bOverride_SceneColorTint=False,bOverride_SceneFringeIntensity=False,bOverride_AmbientCubemapTint=False,bOverride_AmbientCubemapIntensity=False,bOverride_BloomIntensity=True,bOverride_BloomThreshold=False,bOverride_Bloom1Tint=False,bOverride_Bloom1Size=False,bOverride_Bloom2Size=False,bOverride_Bloom2Tint=False,bOverride_Bloom3Tint=False,bOverride_Bloom3Size=False,bOverride_Bloom4Tint=False,bOverride_Bloom4Size=False,bOverride_Bloom5Tint=False,bOverride_Bloom5Size=False,bOverride_Bloom6Tint=False,bOverride_Bloom6Size=False,bOverride_BloomSizeScale=False,bOverride_BloomDirtMaskIntensity=False,bOverride_BloomDirtMaskTint=False,bOverride_BloomDirtMask=False,bOverride_AutoExposureMethod=True,bOverride_AutoExposureLowPercent=False,bOverride_AutoExposureHighPercent=False,bOverride_AutoExposureMinBrightness=True,bOverride_AutoExposureMaxBrightness=True,bOverride_AutoExposureSpeedUp=False,bOverride_AutoExposureSpeedDown=False,bOverride_AutoExposureBias=True,bOverride_HistogramLogMin=True,bOverride_HistogramLogMax=True,bOverride_LensFlareIntensity=False,bOverride_LensFlareTint=False,bOverride_LensFlareTints=False,bOverride_LensFlareBokehSize=False,bOverride_LensFlareBokehShape=False,bOverride_LensFlareThreshold=False,bOverride_VignetteIntensity=True,bOverride_GrainIntensity=False,bOverride_GrainJitter=False,bOverride_AmbientOcclusionIntensity=True,bOverride_AmbientOcclusionStaticFraction=True,bOverride_AmbientOcclusionRadius=True,bOverride_AmbientOcclusionFadeDistance=False,bOverride_AmbientOcclusionFadeRadius=False,bOverride_AmbientOcclusionDistance=False,bOverride_AmbientOcclusionRadiusInWS=False,bOverride_AmbientOcclusionPower=True,bOverride_AmbientOcclusionBias=True,bOverride_AmbientOcclusionQuality=True,bOverride_AmbientOcclusionMipBlend=True,bOverride_AmbientOcclusionMipScale=True,bOverride_AmbientOcclusionMipThreshold=True,bOverride_LPVIntensity=False,bOverride_LPVDirectionalOcclusionIntensity=False,bOverride_LPVDirectionalOcclusionRadius=False,bOverride_LPVDiffuseOcclusionExponent=False,bOverride_LPVSpecularOcclusionExponent=False,bOverride_LPVDiffuseOcclusionIntensity=False,bOverride_LPVSpecularOcclusionIntensity=False,bOverride_LPVSize=False,bOverride_LPVSecondaryOcclusionIntensity=False,bOverride_LPVSecondaryBounceIntensity=False,bOverride_LPVGeometryVolumeBias=False,bOverride_LPVVplInjectionBias=False,bOverride_LPVEmissiveInjectionIntensity=False,bOverride_IndirectLightingColor=False,bOverride_IndirectLightingIntensity=False,bOverride_ColorGradingIntensity=True,bOverride_ColorGradingLUT=True,bOverride_DepthOfFieldFocalDistance=False,bOverride_DepthOfFieldFstop=False,bOverride_DepthOfFieldSensorWidth=False,bOverride_DepthOfFieldDepthBlurRadius=False,bOverride_DepthOfFieldDepthBlurAmount=False,bOverride_DepthOfFieldFocalRegion=False,bOverride_DepthOfFieldNearTransitionRegion=False,bOverride_DepthOfFieldFarTransitionRegion=False,bOverride_DepthOfFieldScale=True,bOverride_DepthOfFieldMaxBokehSize=False,bOverride_DepthOfFieldNearBlurSize=False,bOverride_DepthOfFieldFarBlurSize=False,bOverride_DepthOfFieldMethod=True,bOverride_MobileHQGaussian=False,bOverride_DepthOfFieldBokehShape=False,bOverride_DepthOfFieldOcclusion=False,bOverride_DepthOfFieldColorThreshold=False,bOverride_DepthOfFieldSizeThreshold=False,bOverride_DepthOfFieldSkyFocusDistance=False,bOverride_DepthOfFieldVignetteSize=False,bOverride_MotionBlurAmount=False,bOverride_MotionBlurMax=False,bOverride_MotionBlurPerObjectSize=False,bOverride_ScreenPercentage=False,bOverride_AntiAliasingMethod=False,bOverride_ScreenSpaceReflectionIntensity=True,bOverride_ScreenSpaceReflectionQuality=True,bOverride_ScreenSpaceReflectionMaxRoughness=True,bOverride_ScreenSpaceReflectionRoughnessScale=False,WhiteTemp=6700.000000,WhiteTint=0.000000,ColorSaturation=(X=1.000000,Y=1.000000,Z=1.000000),ColorContrast=(X=1.000000,Y=1.000000,Z=1.000000),ColorGamma=(X=1.000000,Y=1.000000,Z=1.000000),ColorGain=(X=1.000000,Y=1.000000,Z=1.000000),ColorOffset=(X=0.005000,Y=0.005000,Z=0.005000),FilmWhitePoint=(R=1.000000,G=1.000000,B=1.000000,A=1.000000),FilmShadowTint=(R=1.000000,G=1.000000,B=1.000000,A=1.000000),FilmShadowTintBlend=0.500000,FilmShadowTintAmount=0.000000,FilmSaturation=1.000000,FilmChannelMixerRed=(R=1.000000,G=0.000000,B=0.000000,A=1.000000),FilmChannelMixerGreen=(R=0.000000,G=1.000000,B=0.000000,A=1.000000),FilmChannelMixerBlue=(R=0.000000,G=0.000000,B=1.000000,A=1.000000),FilmContrast=0.030000,FilmToeAmount=1.000000,FilmHealAmount=0.180000,FilmDynamicRange=4.000000,FilmSlope=0.880000,FilmToe=0.550000,FilmShoulder=0.260000,FilmBlackClip=0.000000,FilmWhiteClip=0.040000,SceneColorTint=(R=1.000000,G=1.000000,B=1.000000,A=1.000000),SceneFringeIntensity=0.000000,BloomIntensity=1.000000,BloomThreshold=1.000000,BloomSizeScale=4.000000,Bloom1Size=1.000000,Bloom2Size=4.000000,Bloom3Size=16.000000,Bloom4Size=32.000000,Bloom5Size=64.000000,Bloom6Size=64.000000,Bloom1Tint=(R=0.500000,G=0.500000,B=0.500000,A=1.000000),Bloom2Tint=(R=0.500000,G=0.500000,B=0.500000,A=1.000000),Bloom3Tint=(R=0.500000,G=0.500000,B=0.500000,A=1.000000),Bloom4Tint=(R=0.500000,G=0.500000,B=0.500000,A=1.000000),Bloom5Tint=(R=0.500000,G=0.500000,B=0.500000,A=1.000000),Bloom6Tint=(R=0.500000,G=0.500000,B=0.500000,A=1.000000),BloomDirtMaskIntensity=1.000000,BloomDirtMaskTint=(R=0.500000,G=0.500000,B=0.500000,A=1.000000),BloomDirtMask=None,LPVIntensity=1.000000,LPVVplInjectionBias=0.640000,LPVSize=5312.000000,LPVSecondaryOcclusionIntensity=0.000000,LPVSecondaryBounceIntensity=0.000000,LPVGeometryVolumeBias=0.384000,LPVEmissiveInjectionIntensity=1.000000,LPVDirectionalOcclusionIntensity=0.000000,LPVDirectionalOcclusionRadius=8.000000,LPVDiffuseOcclusionExponent=1.000000,LPVSpecularOcclusionExponent=7.000000,LPVDiffuseOcclusionIntensity=1.000000,LPVSpecularOcclusionIntensity=1.000000,AmbientCubemapTint=(R=1.000000,G=1.000000,B=1.000000,A=1.000000),AmbientCubemapIntensity=1.000000,AmbientCubemap=None,AutoExposureMethod=AEM_Histogram,AutoExposureLowPercent=80.000000,AutoExposureHighPercent=98.300003,AutoExposureMinBrightness=1.000000,AutoExposureMaxBrightness=1.000000,AutoExposureSpeedUp=3.000000,AutoExposureSpeedDown=1.000000,AutoExposureBias=0.330000,HistogramLogMin=-8.000000,HistogramLogMax=4.000000,LensFlareIntensity=1.000000,LensFlareTint=(R=1.000000,G=1.000000,B=1.000000,A=1.000000),LensFlareBokehSize=3.000000,LensFlareThreshold=8.000000,LensFlareBokehShape=None,LensFlareTints[0]=(R=1.000000,G=0.800000,B=0.400000,A=0.600000),LensFlareTints[1]=(R=1.000000,G=1.000000,B=0.600000,A=0.530000),LensFlareTints[2]=(R=0.800000,G=0.800000,B=1.000000,A=0.460000),LensFlareTints[3]=(R=0.500000,G=1.000000,B=0.400000,A=0.390000),LensFlareTints[4]=(R=0.500000,G=0.800000,B=1.000000,A=0.310000),LensFlareTints[5]=(R=0.900000,G=1.000000,B=0.800000,A=0.270000),LensFlareTints[6]=(R=1.000000,G=0.800000,B=0.400000,A=0.220000),LensFlareTints[7]=(R=0.900000,G=0.700000,B=0.700000,A=0.150000),VignetteIntensity=0.161468,GrainJitter=0.000000,GrainIntensity=0.000000,AmbientOcclusionIntensity=1.000000,AmbientOcclusionStaticFraction=1.000000,AmbientOcclusionRadius=73.477997,AmbientOcclusionRadiusInWS=False,AmbientOcclusionFadeDistance=8000.000000,AmbientOcclusionFadeRadius=5000.000000,AmbientOcclusionDistance=80.000000,AmbientOcclusionPower=1.200000,AmbientOcclusionBias=3.000000,AmbientOcclusionQuality=100.000000,AmbientOcclusionMipBlend=0.600000,AmbientOcclusionMipScale=1.700000,AmbientOcclusionMipThreshold=0.010000,IndirectLightingColor=(R=1.000000,G=1.000000,B=1.000000,A=1.000000),IndirectLightingIntensity=1.000000,ColorGradingIntensity=0.000000,ColorGradingLUT=Texture2D'/Engine/EditorResources/RGBTable16x1_AssetViewer.RGBTable16x1_AssetViewer',DepthOfFieldMethod=DOFM_BokehDOF,bMobileHQGaussian=False,DepthOfFieldFstop=4.000000,DepthOfFieldSensorWidth=24.576000,DepthOfFieldFocalDistance=1000.000000,DepthOfFieldDepthBlurAmount=1.000000,DepthOfFieldDepthBlurRadius=0.000000,DepthOfFieldFocalRegion=0.000000,DepthOfFieldNearTransitionRegion=300.000000,DepthOfFieldFarTransitionRegion=500.000000,DepthOfFieldScale=0.000000,DepthOfFieldMaxBokehSize=15.000000,DepthOfFieldNearBlurSize=15.000000,DepthOfFieldFarBlurSize=15.000000,DepthOfFieldBokehShape=None,DepthOfFieldOcclusion=0.400000,DepthOfFieldColorThreshold=1.000000,DepthOfFieldSizeThreshold=0.080000,DepthOfFieldSkyFocusDistance=0.000000,DepthOfFieldVignetteSize=200.000000,MotionBlurAmount=0.500000,MotionBlurMax=5.000000,MotionBlurPerObjectSize=0.500000,ScreenPercentage=100.000000,AntiAliasingMethod=AAM_TemporalAA,ScreenSpaceReflectionIntensity=100.000000,ScreenSpaceReflectionQuality=100.000000,ScreenSpaceReflectionMaxRoughness=1.000000,WeightedBlendables=(Array=),Blendables=),bPostProcessingEnabled=True,LightingRigRotation=109.389069,RotationSpeed=2.000000,DirectionalLightRotation=(Pitch=-39.999985,Yaw=-67.500015,Roll=0.000000))
[2017.03.27-01.46.40:937][  0]LogExec:Warning: Cannot perform text import on property 'EnvironmentCubeMap' here: EnvironmentCubeMap=TextureCube'/Engine/EditorMaterials/AssetViewer/EpicQuadPanorama_CC+EV1.EpicQuadPanorama_CC+EV1',PostProcessingSettings=(bOverride_WhiteTemp=True,bOverride_WhiteTint=False,bOverride_ColorSaturation=True,bOverride_ColorContrast=True,bOverride_ColorGamma=True,bOverride_ColorGain=True,bOverride_ColorOffset=True,bOverride_FilmWhitePoint=False,bOverride_FilmSaturation=False,bOverride_FilmChannelMixerRed=False,bOverride_FilmChannelMixerGreen=False,bOverride_FilmChannelMixerBlue=False,bOverride_FilmContrast=False,bOverride_FilmDynamicRange=False,bOverride_FilmHealAmount=False,bOverride_FilmToeAmount=False,bOverride_FilmShadowTint=False,bOverride_FilmShadowTintBlend=False,bOverride_FilmShadowTintAmount=False,bOverride_FilmSlope=True,bOverride_FilmToe=True,bOverride_FilmShoulder=True,bOverride_FilmBlackClip=True,bOverride_FilmWhiteClip=True,bOverride_SceneColorTint=False,bOverride_SceneFringeIntensity=False,bOverride_AmbientCubemapTint=False,bOverride_AmbientCubemapIntensity=False,bOverride_BloomIntensity=True,bOverride_BloomThreshold=False,bOverride_Bloom1Tint=False,bOverride_Bloom1Size=False,bOverride_Bloom2Size=False,bOverride_Bloom2Tint=False,bOverride_Bloom3Tint=False,bOverride_Bloom3Size=False,bOverride_Bloom4Tint=False,bOverride_Bloom4Size=False,bOverride_Bloom5Tint=False,bOverride_Bloom5Size=False,bOverride_Bloom6Tint=False,bOverride_Bloom6Size=False,bOverride_BloomSizeScale=False,bOverride_BloomDirtMaskIntensity=False,bOverride_BloomDirtMaskTint=False,bOverride_BloomDirtMask=False,bOverride_AutoExposureMethod=True,bOverride_AutoExposureLowPercent=False,bOverride_AutoExposureHighPercent=False,bOverride_AutoExposureMinBrightness=True,bOverride_AutoExposureMaxBrightness=True,bOverride_AutoExposureSpeedUp=False,bOverride_AutoExposureSpeedDown=False,bOverride_AutoExposureBias=True,bOverride_HistogramLogMin=True,bOverride_HistogramLogMax=True,bOverride_LensFlareIntensity=False,bOverride_LensFlareTint=False,bOverride_LensFlareTints=False,bOverride_LensFlareBokehSize=False,bOverride_LensFlareBokehShape=False,bOverride_LensFlareThreshold=False,bOverride_VignetteIntensity=True,bOverride_GrainIntensity=False,bOverride_GrainJitter=False,bOverride_AmbientOcclusionIntensity=True,bOverride_AmbientOcclusionStaticFraction=True,bOverride_AmbientOcclusionRadius=True,bOverride_AmbientOcclusionFadeDistance=False,bOverride_AmbientOcclusionFadeRadius=False,bOverride_AmbientOcclusionDistance=False,bOverride_AmbientOcclusionRadiusInWS=False,bOverride_AmbientOcclusionPower=True,bOverride_AmbientOcclusionBias=True,bOverride_AmbientOcclusionQuality=True,bOverride_AmbientOcclusionMipBlend=True,bOverride_AmbientOcclusionMipScale=True,bOverride_AmbientOcclusionMipThreshold=True,bOverride_LPVIntensity=False,bOverride_LPVDirectionalOcclusionIntensity=False,bOverride_LPVDirectionalOcclusionRadius=False,bOverride_LPVDiffuseOcclusionExponent=False,bOverride_LPVSpecularOcclusionExponent=False,bOverride_LPVDiffuseOcclusionIntensity=False,bOverride_LPVSpecularOcclusionIntensity=False,bOverride_LPVSize=False,bOverride_LPVSecondaryOcclusionIntensity=False,bOverride_LPVSecondaryBounceIntensity=False,bOverride_LPVGeometryVolumeBias=False,bOverride_LPVVplInjectionBias=False,bOverride_LPVEmissiveInjectionIntensity=False,bOverride_IndirectLightingColor=False,bOverride_IndirectLightingIntensity=False,bOverride_ColorGradingIntensity=True,bOverride_ColorGradingLUT=True,bOverride_DepthOfFieldFocalDistance=False,bOverride_DepthOfFieldFstop=False,bOverride_DepthOfFieldSensorWidth=False,bOverride_DepthOfFieldDepthBlurRadius=False,bOverride_DepthOfFieldDepthBlurAmount=False,bOverride_DepthOfFieldFocalRegion=False,bOverride_DepthOfFieldNearTransitionRegion=False,bOverride_DepthOfFieldFarTransitionRegion=False,bOverride_DepthOfFieldScale=True,bOverride_DepthOfFieldMaxBokehSize=False,bOverride_DepthOfFieldNearBlurSize=False,bOverride_DepthOfFieldFarBlurSize=False,bOverride_DepthOfFieldMethod=True,bOverride_MobileHQGaussian=False,bOverride_DepthOfFieldBokehShape=False,bOverride_DepthOfFieldOcclusion=False,bOverride_DepthOfFieldColorThreshold=False,bOverride_DepthOfFieldSizeThreshold=False,bOverride_DepthOfFieldSkyFocusDistance=False,bOverride_DepthOfFieldVignetteSize=False,bOverride_MotionBlurAmount=False,bOverride_MotionBlurMax=False,bOverride_MotionBlurPerObjectSize=False,bOverride_ScreenPercentage=False,bOverride_AntiAliasingMethod=False,bOverride_ScreenSpaceReflectionIntensity=True,bOverride_ScreenSpaceReflectionQuality=True,bOverride_ScreenSpaceReflectionMaxRoughness=True,bOverride_ScreenSpaceReflectionRoughnessScale=False,WhiteTemp=6700.000000,WhiteTint=0.000000,ColorSaturation=(X=1.000000,Y=1.000000,Z=1.000000),ColorContrast=(X=1.000000,Y=1.000000,Z=1.000000),ColorGamma=(X=1.000000,Y=1.000000,Z=1.000000),ColorGain=(X=1.000000,Y=1.000000,Z=1.000000),ColorOffset=(X=0.005000,Y=0.005000,Z=0.005000),FilmWhitePoint=(R=1.000000,G=1.000000,B=1.000000,A=1.000000),FilmShadowTint=(R=1.000000,G=1.000000,B=1.000000,A=1.000000),FilmShadowTintBlend=0.500000,FilmShadowTintAmount=0.000000,FilmSaturation=1.000000,FilmChannelMixerRed=(R=1.000000,G=0.000000,B=0.000000,A=1.000000),FilmChannelMixerGreen=(R=0.000000,G=1.000000,B=0.000000,A=1.000000),FilmChannelMixerBlue=(R=0.000000,G=0.000000,B=1.000000,A=1.000000),FilmContrast=0.030000,FilmToeAmount=1.000000,FilmHealAmount=0.180000,FilmDynamicRange=4.000000,FilmSlope=0.880000,FilmToe=0.550000,FilmShoulder=0.260000,FilmBlackClip=0.000000,FilmWhiteClip=0.040000,SceneColorTint=(R=1.000000,G=1.000000,B=1.000000,A=1.000000),SceneFringeIntensity=0.000000,BloomIntensity=1.000000,BloomThreshold=1.000000,BloomSizeScale=4.000000,Bloom1Size=1.000000,Bloom2Size=4.000000,Bloom3Size=16.000000,Bloom4Size=32.000000,Bloom5Size=64.000000,Bloom6Size=64.000000,Bloom1Tint=(R=0.500000,G=0.500000,B=0.500000,A=1.000000),Bloom2Tint=(R=0.500000,G=0.500000,B=0.500000,A=1.000000),Bloom3Tint=(R=0.500000,G=0.500000,B=0.500000,A=1.000000),Bloom4Tint=(R=0.500000,G=0.500000,B=0.500000,A=1.000000),Bloom5Tint=(R=0.500000,G=0.500000,B=0.500000,A=1.000000),Bloom6Tint=(R=0.500000,G=0.500000,B=0.500000,A=1.000000),BloomDirtMaskIntensity=1.000000,BloomDirtMaskTint=(R=0.500000,G=0.500000,B=0.500000,A=1.000000),BloomDirtMask=None,LPVIntensity=1.000000,LPVVplInjectionBias=0.640000,LPVSize=5312.000000,LPVSecondaryOcclusionIntensity=0.000000,LPVSecondaryBounceIntensity=0.000000,LPVGeometryVolumeBias=0.384000,LPVEmissiveInjectionIntensity=1.000000,LPVDirectionalOcclusionIntensity=0.000000,LPVDirectionalOcclusionRadius=8.000000,LPVDiffuseOcclusionExponent=1.000000,LPVSpecularOcclusionExponent=7.000000,LPVDiffuseOcclusionIntensity=1.000000,LPVSpecularOcclusionIntensity=1.000000,AmbientCubemapTint=(R=1.000000,G=1.000000,B=1.000000,A=1.000000),AmbientCubemapIntensity=1.000000,AmbientCubemap=None,AutoExposureMethod=AEM_Histogram,AutoExposureLowPercent=80.000000,AutoExposureHighPercent=98.300003,AutoExposureMinBrightness=1.000000,AutoExposureMaxBrightness=1.000000,AutoExposureSpeedUp=3.000000,AutoExposureSpeedDown=1.000000,AutoExposureBias=0.330000,HistogramLogMin=-8.000000,HistogramLogMax=4.000000,LensFlareIntensity=1.000000,LensFlareTint=(R=1.000000,G=1.000000,B=1.000000,A=1.000000),LensFlareBokehSize=3.000000,LensFlareThreshold=8.000000,LensFlareBokehShape=None,LensFlareTints[0]=(R=1.000000,G=0.800000,B=0.400000,A=0.600000),LensFlareTints[1]=(R=1.000000,G=1.000000,B=0.600000,A=0.530000),LensFlareTints[2]=(R=0.800000,G=0.800000,B=1.000000,A=0.460000),LensFlareTints[3]=(R=0.500000,G=1.000000,B=0.400000,A=0.390000),LensFlareTints[4]=(R=0.500000,G=0.800000,B=1.000000,A=0.310000),LensFlareTints[5]=(R=0.900000,G=1.000000,B=0.800000,A=0.270000),LensFlareTints[6]=(R=1.000000,G=0.800000,B=0.400000,A=0.220000),LensFlareTints[7]=(R=0.900000,G=0.700000,B=0.700000,A=0.150000),VignetteIntensity=0.161468,GrainJitter=0.000000,GrainIntensity=0.000000,AmbientOcclusionIntensity=1.000000,AmbientOcclusionStaticFraction=1.000000,AmbientOcclusionRadius=73.477997,AmbientOcclusionRadiusInWS=False,AmbientOcclusionFadeDistance=8000.000000,AmbientOcclusionFadeRadius=5000.000000,AmbientOcclusionDistance=80.000000,AmbientOcclusionPower=1.200000,AmbientOcclusionBias=3.000000,AmbientOcclusionQuality=100.000000,AmbientOcclusionMipBlend=0.600000,AmbientOcclusionMipScale=1.700000,AmbientOcclusionMipThreshold=0.010000,IndirectLightingColor=(R=1.000000,G=1.000000,B=1.000000,A=1.000000),IndirectLightingIntensity=1.000000,ColorGradingIntensity=0.000000,ColorGradingLUT=Texture2D'/Engine/EditorResources/RGBTable16x1_AssetViewer.RGBTable16x1_AssetViewer',DepthOfFieldMethod=DOFM_BokehDOF,bMobileHQGaussian=False,DepthOfFieldFstop=4.000000,DepthOfFieldSensorWidth=24.576000,DepthOfFieldFocalDistance=1000.000000,DepthOfFieldDepthBlurAmount=1.000000,DepthOfFieldDepthBlurRadius=0.000000,DepthOfFieldFocalRegion=0.000000,DepthOfFieldNearTransitionRegion=300.000000,DepthOfFieldFarTransitionRegion=500.000000,DepthOfFieldScale=0.000000,DepthOfFieldMaxBokehSize=15.000000,DepthOfFieldNearBlurSize=15.000000,DepthOfFieldFarBlurSize=15.000000,DepthOfFieldBokehShape=None,DepthOfFieldOcclusion=0.400000,DepthOfFieldColorThreshold=1.000000,DepthOfFieldSizeThreshold=0.080000,DepthOfFieldSkyFocusDistance=0.000000,DepthOfFieldVignetteSize=200.000000,MotionBlurAmount=0.500000,MotionBlurMax=5.000000,MotionBlurPerObjectSize=0.500000,ScreenPercentage=100.000000,AntiAliasingMethod=AAM_TemporalAA,ScreenSpaceReflectionIntensity=100.000000,ScreenSpaceReflectionQuality=100.000000,ScreenSpaceReflectionMaxRoughness=1.000000,WeightedBlendables=(Array=),Blendables=),bPostProcessingEnabled=True,LightingRigRotation=109.389069,RotationSpeed=2.000000,DirectionalLightRotation=(Pitch=-39.999985,Yaw=-67.500015,Roll=0.000000))
[2017.03.27-01.46.41:410][  0]LogNetVersion: GetLocalNetworkVersion: CL: 3195953, ProjectName: underground, ProjectVersion: , EngineNetworkVersion: 2, GameNetworkVersion: 0, NetworkChecksum: 1870503076
[2017.03.27-01.46.41:494][  0]LogAssetRegistry: FAssetRegistry took 0.0218 seconds to start up
[2017.03.27-01.46.41:585][  0]LogPackageLocalizationCache: Processed 4 localized package path(s) for 2 prioritized culture(s) in 0.038119 seconds
[2017.03.27-01.46.41:595][  0]LogUObjectArray: 31946 objects as part of root set at end of initial load.
[2017.03.27-01.46.41:595][  0]LogUObjectAllocator: 6935840 out of 0 bytes used by permanent object pool.
[2017.03.27-01.46.41:595][  0]LogUObjectArray: CloseDisregardForGC: 0/0 objects in disregard for GC pool
[2017.03.27-01.46.41:761][  0]LogInit: WinSock: version 1.1 (2.2), MaxSocks=32767, MaxUdp=65467
[2017.03.27-01.46.43:864][  0]LogSlate: Using Freetype 2.6.0
[2017.03.27-01.46.43:865][  0]LogSlate: SlateFontCache - WITH_FREETYPE: 1, WITH_HARFBUZZ: 1
[2017.03.27-01.46.43:865][  0]LogSlate: SlateFontCache - WITH_FREETYPE: 1, WITH_HARFBUZZ: 1
[2017.03.27-01.46.46:741][  0]LogSubstanceCoreModule: Substance [CPU] Engine Loaded, Max Texture Size = 2048
[2017.03.27-01.46.46:880][  0]LogTcpMessaging: Initializing TcpMessaging bridge
[2017.03.27-01.46.47:030][  0]LogUdpMessaging: Initializing bridge on interface 0.0.0.0:0 to multicast group 230.0.0.1:6666.
[2017.03.27-01.46.47:973][  0]LogMaterial: Uniform references updated for custom material expression Custom.
[2017.03.27-01.46.49:014][  0]SourceControl: Info Source control is disabled
[2017.03.27-01.46.49:227][  0]SourceControl: Info Source control is disabled
[2017.03.27-01.46.49:348][  0]SourceControl: Info Source control is disabled
[2017.03.27-01.46.49:462][  0]SourceControl: Info Source control is disabled
[2017.03.27-01.46.53:227][  0]LogEngine: Initializing Engine...
[2017.03.27-01.46.53:229][  0]LogHMD: Failed to initialize OpenVR with code 100
[2017.03.27-01.46.53:768][  0]LogAIModule: Creating AISystem for world Untitled
[2017.03.27-01.46.53:994][  0]LogInit: XAudio2 using '1 - LCD TV (AMD High Definition Audio Device)' : 2 channels at 48 kHz using 16 bits per sample (channel mask 0x3)
[2017.03.27-01.46.54:057][  0]LogInit: FAudioDevice initialized.
[2017.03.27-01.46.54:131][  0]LogDerivedDataCache: Saved boot cache 0.07s 48MB C:/Users/Jer/AppData/Local/UnrealEngine/4.14/DerivedDataCache/Boot.ddc.
[2017.03.27-01.46.54:149][  0]LogInit: Texture streaming: Enabled
[2017.03.27-01.46.54:643][  0]LogInit: Transaction tracking system initialized
[2017.03.27-01.46.55:618][  0]BlueprintLog: New page: Editor Load
[2017.03.27-01.46.57:995][  0]LocalizationService: Info Localization service is disabled
[2017.03.27-01.46.59:808][  0]LogConsoleResponse:Display: 
[2017.03.27-01.47.00:067][  0]LogCook:Display: Max memory allowance for cook 16384mb min free memory 0mb
[2017.03.27-01.47.00:067][  0]LogCook:Display: Mobile HDR setting 1
[2017.03.27-01.47.00:734][  0]LogFileCache: Scanning file cache for directory 'D:/Download/New Team4_Prototype_V_3_5_0/UnderGround_Prototype/Content/' took 0.02s
[2017.03.27-01.47.02:694][  0]SourceControl: Info Source control is disabled
[2017.03.27-01.47.02:695][  0]Cmd: MAP LOAD FILE="D:/Download/New Team4_Prototype_V_3_5_0/UnderGround_Prototype/Content/Maps/Menus/mnMenu.umap" TEMPLATE=0 SHOWPROGRESS=1 FEATURELEVEL=3
[2017.03.27-01.47.02:697][  0]LightingResults: New page: Lighting Build
[2017.03.27-01.47.02:799][  0]MapCheck: New page: Map Check
[2017.03.27-01.47.02:799][  0]LightingResults: New page: Lighting Build
[2017.03.27-01.47.04:156][  0]LogAIModule: Creating AISystem for world mnMenu
[2017.03.27-01.47.04:157][  0]LogEditorServer: Finished looking for orphan Actors (0.000 secs)
[2017.03.27-01.47.04:158][  0]Cmd: MAP CHECKDEP NOCLEARLOG
[2017.03.27-01.47.04:333][  0]MapCheck: Info Map check complete: 0 Error(s), 0 Warning(s), took 174.665ms to complete.
[2017.03.27-01.47.04:333][  0]LogFileHelpers: Loading map 'mnMenu' took 1.638
[2017.03.27-01.47.04:518][  0]LogWindowsTextInputMethodSystem:Display: IME system now deactivated.
[2017.03.27-01.47.04:519][  0]LogWindowsTextInputMethodSystem:Display: IME system now deactivated.
[2017.03.27-01.47.04:912][  0]LogCollectionManager: Loaded 0 collections in 0.002842 seconds
[2017.03.27-01.47.05:104][  0]LogFileCache: Scanning file cache for directory 'D:/Download/New Team4_Prototype_V_3_5_0/UnderGround_Prototype/Saved/Collections/' took 0.01s
[2017.03.27-01.47.05:104][  0]LogFileCache: Scanning file cache for directory 'D:/Download/New Team4_Prototype_V_3_5_0/UnderGround_Prototype/Content/Developers/Jer/Collections/' took 0.01s
[2017.03.27-01.47.05:104][  0]LogFileCache: Scanning file cache for directory 'D:/Download/New Team4_Prototype_V_3_5_0/UnderGround_Prototype/Content/Collections/' took 0.01s
[2017.03.27-01.47.05:104][  0]LogCollectionManager: Rebuilt the GUID cache for 0 collections in 0.000003 seconds
[2017.03.27-01.47.05:121][  0]LogContentBrowser: Native class hierarchy populated in 0.0167 seconds. Added 2230 classes and 445 folders.
[2017.03.27-01.47.05:228][  0]LogStats: UGameplayTagsManager::ConstructGameplayTagTree: Construct from data asset -  0.000 s
[2017.03.27-01.47.05:228][  0]LogStats: UGameplayTagsManager::ConstructGameplayTagTree: GameplayTagTreeChangedEvent.Broadcast -  0.000 s
[2017.03.27-01.47.05:229][  0]LogContentBrowser: Native class hierarchy updated for 'GameplayTags' in 0.0007 seconds. Added 13 classes and 0 folders.
[2017.03.27-01.47.05:376][  0]LogContentBrowser: Native class hierarchy updated for 'WidgetCarousel' in 0.0007 seconds. Added 0 classes and 0 folders.
[2017.03.27-01.47.05:480][  0]LogContentBrowser: Native class hierarchy updated for 'AddContentDialog' in 0.0008 seconds. Added 0 classes and 0 folders.
[2017.03.27-01.47.05:549][  0]LogCrashTracker: Crashtracker disabled due to settings.
[2017.03.27-01.47.05:565][  0]LogUObjectGlobals:Warning: Failed to find object 'Class None.'
[2017.03.27-01.47.05:727][  0]LogContentBrowser: Native class hierarchy updated for 'HierarchicalLODOutliner' in 0.0012 seconds. Added 1 classes and 2 folders.
[2017.03.27-01.47.05:728][  0]LogLoad: (Engine Initialization) Total time: 37.10 seconds
[2017.03.27-01.47.05:728][  0]LogLoad: (Engine Initialization) Total Blueprint compile time: 0.54 seconds
[2017.03.27-01.47.05:728][  0]LogExternalProfiler: Found external profiler: VSPerf
[2017.03.27-01.47.05:728][  0]LogExternalProfiler: Using external profiler: VSPerf
[2017.03.27-01.47.05:743][  0]LogOcInput: OculusInput pre-init called
[2017.03.27-01.47.05:770][  0]LogContentStreaming: Texture pool size now 1000 MB
[2017.03.27-01.47.05:993][  0]LogRenderer: Reallocating scene render targets to support 1256x704 NumSamples 1 (Frame:2).
[2017.03.27-01.47.06:168][  2]LogAssetRegistry: Asset discovery search completed in 24.6951 seconds
[2017.03.27-01.47.06:168][  2]LogCollectionManager: Rebuilt the object cache for 0 collections in 0.000001 seconds (found 0 objects)
[2017.03.27-01.47.06:168][  2]LogCollectionManager: Fixed up redirectors for 0 collections in 0.000029 seconds (updated 0 objects)
[2017.03.27-01.47.45:566][123]LogTemp: Repeting last play command: Selected Viewport
[2017.03.27-01.47.45:573][123]LogBlueprintUserMessages: Early PlayInEditor Detection: Level '/Game/Maps/Menus/mnMenu.mnMenu:PersistentLevel' has LevelScriptBlueprint '/Game/Maps/Menus/mnMenu.mnMenu:PersistentLevel.mnMenu' with GeneratedClass '/Game/Maps/Menus/mnMenu.mnMenu_C' with ClassGeneratedBy '/Game/Maps/Menus/mnMenu.mnMenu:PersistentLevel.mnMenu'
[2017.03.27-01.47.45:573][123]LogPlayLevel: PlayLevel: No blueprints needed recompiling
[2017.03.27-01.47.45:573][123]PIE: New page: PIE session: mnMenu (Mar 26, 2017, 5:47:45 PM)
[2017.03.27-01.47.45:574][123]LogPlayLevel: Creating play world package: /Game/Maps/Menus/UEDPIE_0_mnMenu
[2017.03.27-01.47.45:575][123]LogPlayLevel: PIE: StaticDuplicateObject took: (0.001519s)
[2017.03.27-01.47.45:576][123]LogAIModule: Creating AISystem for world mnMenu
[2017.03.27-01.47.45:576][123]LogPlayLevel: PIE: World Init took: (0.001078s)
[2017.03.27-01.47.45:577][123]LogPlayLevel: PIE: Created PIE world by copying editor world from /Game/Maps/Menus/mnMenu.mnMenu to /Game/Maps/Menus/UEDPIE_0_mnMenu.mnMenu (0.002886s)
[2017.03.27-01.47.45:839][123]LogInit: XAudio2 using '1 - LCD TV (AMD High Definition Audio Device)' : 2 channels at 48 kHz using 16 bits per sample (channel mask 0x3)
[2017.03.27-01.47.45:864][123]LogInit: FAudioDevice initialized.
[2017.03.27-01.47.45:915][123]LogLoad: Game class is 'GameController_C'
[2017.03.27-01.47.45:919][123]LogWorld: Bringing World /Game/Maps/Menus/UEDPIE_0_mnMenu.mnMenu up for play (max tick rate 0) at 2017.03.26-21.47.45
[2017.03.27-01.47.45:919][123]LogWorld: Bringing up level for play took: 0.001296
[2017.03.27-01.47.46:038][123]LogContentBrowser: Native class hierarchy updated for 'MovieSceneCapture' in 0.0009 seconds. Added 11 classes and 0 folders.
[2017.03.27-01.47.46:038][123]LogGameMode:Display: Match State Changed from EnteringMap to WaitingToStart
[2017.03.27-01.47.46:038][123]LogGameState: Match State Changed from EnteringMap to WaitingToStart
[2017.03.27-01.47.46:038][123]LogGameMode:Display: Match State Changed from WaitingToStart to InProgress
[2017.03.27-01.47.46:041][123]LogGameState: Match State Changed from WaitingToStart to InProgress
[2017.03.27-01.47.46:041][123]PIE: Info Play in editor start time for /Game/Maps/Menus/UEDPIE_0_mnMenu -0.04
[2017.03.27-01.47.46:042][123]LogBlueprintUserMessages: Late PlayInEditor Detection: Level '/Game/Maps/Menus/mnMenu.mnMenu:PersistentLevel' has LevelScriptBlueprint '/Game/Maps/Menus/mnMenu.mnMenu:PersistentLevel.mnMenu' with GeneratedClass '/Game/Maps/Menus/mnMenu.mnMenu_C' with ClassGeneratedBy '/Game/Maps/Menus/mnMenu.mnMenu:PersistentLevel.mnMenu'
[2017.03.27-01.47.46:104][123]LogAudio:Warning: Detected orphaned looping sound 'Menu_Cue'.
[2017.03.27-01.47.47:835][293]LogWindowsTextInputMethodSystem:Display: IME system now deactivated.
[2017.03.27-01.47.47:835][293]LogWindowsTextInputMethodSystem:Display: IME system now deactivated.
[2017.03.27-01.47.47:944][293]LogBlueprintUserMessages: Early EndPlayMap Detection: Level '/Game/Maps/Menus/mnMenu.mnMenu:PersistentLevel' has LevelScriptBlueprint '/Game/Maps/Menus/mnMenu.mnMenu:PersistentLevel.mnMenu' with GeneratedClass '/Game/Maps/Menus/mnMenu.mnMenu_C' with ClassGeneratedBy '/Game/Maps/Menus/mnMenu.mnMenu:PersistentLevel.mnMenu'
[2017.03.27-01.47.47:982][293]LogBlueprintUserMessages: Late EndPlayMap Detection: Level '/Game/Maps/Menus/mnMenu.mnMenu:PersistentLevel' has LevelScriptBlueprint '/Game/Maps/Menus/mnMenu.mnMenu:PersistentLevel.mnMenu' with GeneratedClass '/Game/Maps/Menus/mnMenu.mnMenu_C' with ClassGeneratedBy '/Game/Maps/Menus/mnMenu.mnMenu:PersistentLevel.mnMenu'
[2017.03.27-01.47.48:141][294]Cmd: QUIT_EDITOR
[2017.03.27-01.47.49:211][294]LogExit: Preparing to exit.
[2017.03.27-01.47.50:225][294]LogExit: Editor shut down
[2017.03.27-01.47.50:225][294]LogExit: Transaction tracking system shut down
[2017.03.27-01.47.50:315][294]LogObj: Freed 0b from 0 cluster array pools.
[2017.03.27-01.47.50:315][294]LogExit: Object subsystem successfully closed.
[2017.03.27-01.47.50:338][294]LogD3D11RHI: Shutdown
[2017.03.27-01.47.50:338][294]LogD3D11RHI: CleanupD3DDevice
[2017.03.27-01.47.50:459][294]LogD3D11RHI: ~FD3D11DynamicRHI
[2017.03.27-01.47.50:509][294]LogHttp:Display: Http module shutting down, but needs to wait on 1 outstanding Http requests:
[2017.03.27-01.47.50:509][294]LogHttp:Display: 	verb=[POST] url=[https://datarouter.ol.epicgames.com/datarouter/api/v1/public/data?SessionID=%7BC27555F9-4469-C421-DC22-BFB6694BB7D9%7D&AppID=UEEditor.Rocket.Release&AppVersion=4.14.3-3249277%2B%2B%2BUE4%2BRelease-4.14&UserID=fbc6b77745728d79af2e7faf56de3bb0%7Cebf6dfbaeb524ac7a69d9fb5a769235b%7C4a0b8bd2-7fb1-4670-9638-cfba9fb9adad&AppEnvironment=datacollector-binary&UploadType=eteventstream] status=Processing
[2017.03.27-01.47.50:513][294]LogModuleManager: Shutting down and abandoning module MovieSceneCapture (246)
[2017.03.27-01.47.50:513][294]LogModuleManager: Shutting down and abandoning module HierarchicalLODOutliner (245)
[2017.03.27-01.47.50:513][294]LogModuleManager: Shutting down and abandoning module CrashTracker (244)
[2017.03.27-01.47.50:513][294]LogModuleManager: Shutting down and abandoning module WidgetCarousel (243)
[2017.03.27-01.47.50:513][294]LogModuleManager: Shutting down and abandoning module AddContentDialog (242)
[2017.03.27-01.47.50:513][294]LogDirectoryWatcher: A directory notification for 'C:/Program Files/Epic Games/UE_4.14/FeaturePacks/' was aborted.
[2017.03.27-01.47.50:515][294]LogModuleManager: Shutting down and abandoning module GameplayTags (241)
[2017.03.27-01.47.50:515][294]LogModuleManager: Shutting down and abandoning module EditorWidgets (240)
[2017.03.27-01.47.50:515][294]LogModuleManager: Shutting down and abandoning module CollectionManager (239)
[2017.03.27-01.47.50:515][294]LogDirectoryWatcher: A directory notification for 'D:/Download/New Team4_Prototype_V_3_5_0/UnderGround_Prototype/Content/Collections/' was aborted.
[2017.03.27-01.47.50:515][294]LogDirectoryWatcher: A directory notification for 'D:/Download/New Team4_Prototype_V_3_5_0/UnderGround_Prototype/Content/Developers/Jer/Collections/' was aborted.
[2017.03.27-01.47.50:515][294]LogDirectoryWatcher: A directory notification for 'D:/Download/New Team4_Prototype_V_3_5_0/UnderGround_Prototype/Saved/Collections/' was aborted.
[2017.03.27-01.47.50:515][294]LogModuleManager: Shutting down and abandoning module SceneOutliner (238)
[2017.03.27-01.47.50:515][294]LogModuleManager: Shutting down and abandoning module StatsViewer (237)
[2017.03.27-01.47.50:515][294]LogModuleManager: Shutting down and abandoning module FoliageEdit (236)
[2017.03.27-01.47.50:515][294]LogModuleManager: Shutting down and abandoning module LandscapeEditor (235)
[2017.03.27-01.47.50:515][294]LogModuleManager: Shutting down and abandoning module SceneDepthPickerMode (234)
[2017.03.27-01.47.50:515][294]LogModuleManager: Shutting down and abandoning module ActorPickerMode (233)
[2017.03.27-01.47.50:515][294]LogModuleManager: Shutting down and abandoning module GeometryMode (232)
[2017.03.27-01.47.50:515][294]LogModuleManager: Shutting down and abandoning module TextureAlignMode (231)
[2017.03.27-01.47.50:515][294]LogModuleManager: Shutting down and abandoning module BspMode (230)
[2017.03.27-01.47.50:515][294]LogModuleManager: Shutting down and abandoning module HardwareSurvey (229)
[2017.03.27-01.47.50:515][294]LogModuleManager: Shutting down and abandoning module SequenceRecorderSections (228)
[2017.03.27-01.47.50:515][294]LogModuleManager: Shutting down and abandoning module AutomationWorker (227)
[2017.03.27-01.47.50:515][294]LogModuleManager: Shutting down and abandoning module MatineeToLevelSequence (226)
[2017.03.27-01.47.50:515][294]LogModuleManager: Shutting down and abandoning module PlacementMode (225)
[2017.03.27-01.47.50:516][294]LogModuleManager: Shutting down and abandoning module LevelSequenceEditor (224)
[2017.03.27-01.47.50:516][294]LogModuleManager: Shutting down and abandoning module WmfMediaFactory (223)
[2017.03.27-01.47.50:516][294]LogModuleManager: Shutting down and abandoning module WmfMediaEditor (222)
[2017.03.27-01.47.50:516][294]LogModuleManager: Shutting down and abandoning module AvfMediaFactory (221)
[2017.03.27-01.47.50:516][294]LogModuleManager: Shutting down and abandoning module AvfMediaEditor (220)
[2017.03.27-01.47.50:516][294]LogModuleManager: Shutting down and abandoning module Media (219)
[2017.03.27-01.47.50:516][294]LogModuleManager: Shutting down and abandoning module AndroidMediaFactory (218)
[2017.03.27-01.47.50:516][294]LogModuleManager: Shutting down and abandoning module AndroidMediaEditor (217)
[2017.03.27-01.47.50:516][294]LogModuleManager: Shutting down and abandoning module CharacterAI (216)
[2017.03.27-01.47.50:516][294]LogModuleManager: Shutting down and abandoning module SequenceRecorder (215)
[2017.03.27-01.47.50:516][294]LogModuleManager: Shutting down and abandoning module AudioCapture (214)
[2017.03.27-01.47.50:516][294]LogModuleManager: Shutting down and abandoning module SmartSnapping (213)
[2017.03.27-01.47.50:516][294]LogModuleManager: Shutting down and abandoning module SessionServices (212)
[2017.03.27-01.47.50:516][294]LogModuleManager: Shutting down and abandoning module ViewportSnapping (211)
[2017.03.27-01.47.50:516][294]LogModuleManager: Shutting down and abandoning module ViewportInteraction (210)
[2017.03.27-01.47.50:516][294]LogModuleManager: Shutting down and abandoning module LogVisualizer (209)
[2017.03.27-01.47.50:516][294]LogModuleManager: Shutting down and abandoning module GameProjectGeneration (208)
[2017.03.27-01.47.50:516][294]LogModuleManager: Shutting down and abandoning module IntroTutorials (207)
[2017.03.27-01.47.50:516][294]LogModuleManager: Shutting down and abandoning module EditorLiveStreaming (206)
[2017.03.27-01.47.50:516][294]LogModuleManager: Shutting down and abandoning module IOSPlatformEditor (205)
[2017.03.27-01.47.50:516][294]LogModuleManager: Shutting down and abandoning module HTML5PlatformEditor (204)
[2017.03.27-01.47.50:516][294]LogModuleManager: Shutting down and abandoning module AndroidDeviceDetection (203)
[2017.03.27-01.47.51:022][294]LogModuleManager: Shutting down and abandoning module AndroidPlatformEditor (202)
[2017.03.27-01.47.51:022][294]LogModuleManager: Shutting down and abandoning module IOSRuntimeSettings (201)
[2017.03.27-01.47.51:022][294]LogModuleManager: Shutting down and abandoning module AndroidRuntimeSettings (200)
[2017.03.27-01.47.51:022][294]LogModuleManager: Shutting down and abandoning module InputBindingEditor (199)
[2017.03.27-01.47.51:022][294]LogModuleManager: Shutting down and abandoning module NiagaraEditor (198)
[2017.03.27-01.47.51:022][294]LogModuleManager: Shutting down and abandoning module MergeActors (197)
[2017.03.27-01.47.51:022][294]LogModuleManager: Shutting down and abandoning module SizeMap (196)
[2017.03.27-01.47.51:022][294]LogModuleManager: Shutting down and abandoning module TreeMap (195)
[2017.03.27-01.47.51:023][294]LogModuleManager: Shutting down and abandoning module ReferenceViewer (194)
[2017.03.27-01.47.51:023][294]LogModuleManager: Shutting down and abandoning module LocalizationService (193)
[2017.03.27-01.47.51:023][294]LogModuleManager: Shutting down and abandoning module LocalizationDashboard (192)
[2017.03.27-01.47.51:023][294]LogModuleManager: Shutting down and abandoning module HardwareTargeting (191)
[2017.03.27-01.47.51:023][294]LogModuleManager: Shutting down and abandoning module DeviceProfileEditor (190)
[2017.03.27-01.47.51:023][294]LogModuleManager: Shutting down and abandoning module UndoHistory (189)
[2017.03.27-01.47.51:023][294]LogModuleManager: Shutting down and abandoning module UserFeedback (188)
[2017.03.27-01.47.51:023][294]LogModuleManager: Shutting down and abandoning module XmlParser (187)
[2017.03.27-01.47.51:023][294]LogModuleManager: Shutting down and abandoning module Blutility (186)
[2017.03.27-01.47.51:023][294]LogModuleManager: Shutting down and abandoning module ProjectTargetPlatformEditor (185)
[2017.03.27-01.47.51:023][294]LogModuleManager: Shutting down and abandoning module ProjectSettingsViewer (184)
[2017.03.27-01.47.51:023][294]LogModuleManager: Shutting down and abandoning module EditorSettingsViewer (183)
[2017.03.27-01.47.51:023][294]LogModuleManager: Shutting down and abandoning module SettingsEditor (182)
[2017.03.27-01.47.51:023][294]LogModuleManager: Shutting down and abandoning module ProjectLauncher (181)
[2017.03.27-01.47.51:023][294]LogModuleManager: Shutting down and abandoning module SessionFrontend (180)
[2017.03.27-01.47.51:023][294]LogModuleManager: Shutting down and abandoning module ProfilerClient (179)
[2017.03.27-01.47.51:023][294]LogModuleManager: Shutting down and abandoning module TargetDeviceServices (178)
[2017.03.27-01.47.51:023][294]LogModuleManager: Shutting down and abandoning module DeviceManager (177)
[2017.03.27-01.47.51:066][294]LogModuleManager: Shutting down and abandoning module AutomationController (176)
[2017.03.27-01.47.51:066][294]LogModuleManager: Shutting down and abandoning module AutomationWindow (175)
[2017.03.27-01.47.51:067][294]LogModuleManager: Shutting down and abandoning module Layers (174)
[2017.03.27-01.47.51:067][294]LogModuleManager: Shutting down and abandoning module ComponentVisualizers (173)
[2017.03.27-01.47.51:067][294]LogModuleManager: Shutting down and abandoning module DetailCustomizations (172)
[2017.03.27-01.47.51:067][294]LogModuleManager: Shutting down and abandoning module PackagesDialog (171)
[2017.03.27-01.47.51:067][294]LogModuleManager: Shutting down and abandoning module AnimGraph (170)
[2017.03.27-01.47.51:067][294]LogModuleManager: Shutting down and abandoning module Persona (169)
[2017.03.27-01.47.51:067][294]LogModuleManager: Shutting down and abandoning module Kismet (168)
[2017.03.27-01.47.51:069][294]LogModuleManager: Shutting down and abandoning module GraphEditor (167)
[2017.03.27-01.47.51:069][294]LogModuleManager: Shutting down and abandoning module ClassViewer (166)
[2017.03.27-01.47.51:069][294]LogModuleManager: Shutting down and abandoning module Toolbox (165)
[2017.03.27-01.47.51:069][294]LogModuleManager: Shutting down and abandoning module ModuleUI (164)
[2017.03.27-01.47.51:069][294]LogModuleManager: Shutting down and abandoning module MovieSceneTools (163)
[2017.03.27-01.47.51:069][294]LogModuleManager: Shutting down and abandoning module OutputLog (162)
[2017.03.27-01.47.51:069][294]LogModuleManager: Shutting down and abandoning module GammaUI (161)
[2017.03.27-01.47.51:069][294]LogModuleManager: Shutting down and abandoning module Documentation (160)
[2017.03.27-01.47.51:069][294]LogModuleManager: Shutting down and abandoning module Niagara (159)
[2017.03.27-01.47.51:069][294]LogModuleManager: Shutting down and abandoning module StreamingPauseRendering (158)
[2017.03.27-01.47.51:069][294]LogModuleManager: Shutting down and abandoning module AnalyticsET (157)
[2017.03.27-01.47.51:069][294]LogModuleManager: Shutting down and abandoning module PortalServices (156)
[2017.03.27-01.47.51:069][294]LogModuleManager: Shutting down and abandoning module PortalRpc (155)
[2017.03.27-01.47.51:069][294]LogModuleManager: Shutting down and abandoning module MessagingRpc (154)
[2017.03.27-01.47.51:069][294]LogModuleManager: Shutting down and abandoning module GameplayDebugger (153)
[2017.03.27-01.47.51:069][294]LogModuleManager: Shutting down and abandoning module AITestSuite (152)
[2017.03.27-01.47.51:069][294]LogModuleManager: Shutting down and abandoning module AIModule (151)
[2017.03.27-01.47.51:069][294]LogModuleManager: Shutting down and abandoning module ProfilerService (150)
[2017.03.27-01.47.51:220][294]LogModuleManager: Shutting down and abandoning module TaskGraph (149)
[2017.03.27-01.47.51:220][294]LogModuleManager: Shutting down and abandoning module SubstanceEditor (148)
[2017.03.27-01.47.51:220][294]LogModuleManager: Shutting down and abandoning module SlateRemote (147)
[2017.03.27-01.47.51:220][294]LogModuleManager: Shutting down and abandoning module SteamVRController (146)
[2017.03.27-01.47.51:220][294]LogModuleManager: Shutting down and abandoning module SteamVR (145)
[2017.03.27-01.47.51:220][294]LogModuleManager: Shutting down and abandoning module ProceduralMeshComponentEditor (144)
[2017.03.27-01.47.51:220][294]LogModuleManager: Shutting down and abandoning module ProceduralMeshComponent (143)
[2017.03.27-01.47.51:220][294]LogModuleManager: Shutting down and abandoning module OculusLibrary (142)
[2017.03.27-01.47.51:220][294]LogModuleManager: Shutting down and abandoning module OculusInput (141)
[2017.03.27-01.47.51:220][294]LogModuleManager: Shutting down and abandoning module MobilePatchingUtils (140)
[2017.03.27-01.47.51:220][294]LogModuleManager: Shutting down and abandoning module CustomMeshComponent (139)
[2017.03.27-01.47.51:221][294]LogModuleManager: Shutting down and abandoning module CableComponent (138)
[2017.03.27-01.47.51:221][294]LogModuleManager: Shutting down and abandoning module ArchVisCharacter (137)
[2017.03.27-01.47.51:221][294]LogModuleManager: Shutting down and abandoning module MediaPlayerEditor (135)
[2017.03.27-01.47.51:221][294]LogModuleManager: Shutting down and abandoning module LowEntryExtendedStandardLibraryEditor (134)
[2017.03.27-01.47.51:221][294]LogModuleManager: Shutting down and abandoning module HTML5Networking (133)
[2017.03.27-01.47.51:221][294]LogModuleManager: Shutting down and abandoning module GeometryCacheEd (132)
[2017.03.27-01.47.51:221][294]LogModuleManager: Shutting down and abandoning module GeometryCache (131)
[2017.03.27-01.47.51:221][294]LogModuleManager: Shutting down and abandoning module AlembicLibrary (130)
[2017.03.27-01.47.51:221][294]LogModuleManager: Shutting down and abandoning module AlembicImporter (129)
[2017.03.27-01.47.51:221][294]LogModuleManager: Shutting down and abandoning module SuperSearch (128)
[2017.03.27-01.47.51:221][294]LogModuleManager: Shutting down and abandoning module SuperSearchEditor (127)
[2017.03.27-01.47.51:221][294]LogModuleManager: Shutting down and abandoning module SpeedTreeImporter (126)
[2017.03.27-01.47.51:221][294]LogModuleManager: Shutting down and abandoning module PluginBrowser (125)
[2017.03.27-01.47.51:221][294]LogModuleManager: Shutting down and abandoning module MobileLauncherProfileWizard (124)
[2017.03.27-01.47.51:221][294]LogModuleManager: Shutting down and abandoning module EpicSurvey (123)
[2017.03.27-01.47.51:221][294]LogModuleManager: Shutting down and abandoning module DesktopPlatform (122)
[2017.03.27-01.47.51:221][294]LogModuleManager: Shutting down and abandoning module VisualStudioSourceCodeAccess (121)
[2017.03.27-01.47.51:221][294]LogModuleManager: Shutting down and abandoning module UObjectPlugin (120)
[2017.03.27-01.47.51:221][294]LogModuleManager: Shutting down and abandoning module SubversionSourceControl (119)
[2017.03.27-01.47.51:221][294]LogModuleManager: Shutting down and abandoning module PerforceSourceControl (118)
[2017.03.27-01.47.51:221][294]LogModuleManager: Shutting down and abandoning module SourceControl (117)
[2017.03.27-01.47.51:221][294]LogModuleManager: Shutting down and abandoning module GitSourceControl (116)
[2017.03.27-01.47.51:221][294]LogModuleManager: Shutting down and abandoning module LightPropagationVolumeEditor (115)
[2017.03.27-01.47.51:221][294]LogModuleManager: Shutting down and abandoning module PaperTiledImporter (114)
[2017.03.27-01.47.51:221][294]LogModuleManager: Shutting down and abandoning module PaperSpriteSheetImporter (113)
[2017.03.27-01.47.51:221][294]LogModuleManager: Shutting down and abandoning module MeshPaint (112)
[2017.03.27-01.47.51:221][294]LogModuleManager: Shutting down and abandoning module PixelInspectorModule (111)
[2017.03.27-01.47.51:221][294]LogModuleManager: Shutting down and abandoning module HotReload (110)
[2017.03.27-01.47.51:222][294]LogModuleManager: Shutting down and abandoning module MainFrame (109)
[2017.03.27-01.47.51:222][294]LogModuleManager: Shutting down and abandoning module LevelEditor (108)
[2017.03.27-01.47.51:222][294]LogModuleManager: Shutting down and abandoning module ContentBrowser (107)
[2017.03.27-01.47.51:223][294]LogModuleManager: Shutting down and abandoning module Paper2DEditor (106)
[2017.03.27-01.47.51:223][294]LogModuleManager: Shutting down and abandoning module UdpMessaging (105)
[2017.03.27-01.47.51:324][294]LogModuleManager: Shutting down and abandoning module TcpMessaging (104)
[2017.03.27-01.47.51:425][294]LogModuleManager: Shutting down and abandoning module SubstanceCore (103)
[2017.03.27-01.47.51:425][294]LogModuleManager: Shutting down and abandoning module LowEntryExtendedStandardLibrary (102)
[2017.03.27-01.47.51:425][294]LogModuleManager: Shutting down and abandoning module LightPropagationVolumeRuntime (101)
[2017.03.27-01.47.51:425][294]LogModuleManager: Shutting down and abandoning module Paper2D (100)
[2017.03.27-01.47.51:425][294]LogModuleManager: Shutting down and abandoning module WindowsMoviePlayer (99)
[2017.03.27-01.47.51:425][294]LogModuleManager: Shutting down and abandoning module WmfMedia (98)
[2017.03.27-01.47.51:425][294]LogModuleManager: Shutting down and abandoning module MediaAssets (97)
[2017.03.27-01.47.51:425][294]LogModuleManager: Shutting down and abandoning module GameLiveStreaming (96)
[2017.03.27-01.47.51:425][294]LogModuleManager: Shutting down and abandoning module GameplayTagsEditor (95)
[2017.03.27-01.47.51:425][294]LogModuleManager: Shutting down and abandoning module VREditor (94)
[2017.03.27-01.47.51:425][294]LogModuleManager: Shutting down and abandoning module GameplayTasksEditor (93)
[2017.03.27-01.47.51:425][294]LogModuleManager: Shutting down and abandoning module BehaviorTreeEditor (92)
[2017.03.27-01.47.51:425][294]LogModuleManager: Shutting down and abandoning module FunctionalTesting (91)
[2017.03.27-01.47.51:425][294]LogModuleManager: Shutting down and abandoning module CollisionAnalyzer (90)
[2017.03.27-01.47.51:425][294]LogModuleManager: Shutting down and abandoning module Sequencer (89)
[2017.03.27-01.47.51:425][294]LogModuleManager: Shutting down and abandoning module WorkspaceMenuStructure (88)
[2017.03.27-01.47.51:425][294]LogModuleManager: Shutting down and abandoning module MessageLog (87)
[2017.03.27-01.47.51:425][294]LogModuleManager: Shutting down and abandoning module AssetTools (86)
[2017.03.27-01.47.51:425][294]LogModuleManager: Shutting down and abandoning module UMGEditor (85)
[2017.03.27-01.47.51:425][294]LogModuleManager: Shutting down and abandoning module UMG (84)
[2017.03.27-01.47.51:425][294]LogModuleManager: Shutting down and abandoning module SlateReflector (83)
[2017.03.27-01.47.51:425][294]LogModuleManager: Shutting down and abandoning module Slate (82)
[2017.03.27-01.47.51:425][294]LogModuleManager: Shutting down and abandoning module EditorStyle (81)
[2017.03.27-01.47.51:430][294]LogModuleManager: Shutting down and abandoning module SourceCodeAccess (80)
[2017.03.27-01.47.51:430][294]LogModuleManager: Shutting down and abandoning module HeadMountedDisplay (79)
[2017.03.27-01.47.51:430][294]LogModuleManager: Shutting down and abandoning module XAudio2 (78)
[2017.03.27-01.47.51:430][294]LogModuleManager: Shutting down and abandoning module Networking (76)
[2017.03.27-01.47.51:430][294]LogModuleManager: Shutting down and abandoning module Core (75)
[2017.03.27-01.47.51:430][294]LogModuleManager: Shutting down and abandoning module DirectoryWatcher (74)
[2017.03.27-01.47.51:430][294]LogDirectoryWatcher: A directory notification for '../../../Engine/Content/' was aborted.
[2017.03.27-01.47.51:430][294]LogDirectoryWatcher: A directory notification for 'D:/Download/New Team4_Prototype_V_3_5_0/UnderGround_Prototype/Content/' was aborted.
[2017.03.27-01.47.51:430][294]LogDirectoryWatcher: A directory notification for '../../../Engine/Plugins/2D/Paper2D/Content/' was aborted.
[2017.03.27-01.47.51:430][294]LogDirectoryWatcher: A directory notification for '../../../Engine/Plugins/Marketplace/LowEntryExtStdLib/Content/' was aborted.
[2017.03.27-01.47.51:431][294]LogModuleManager: Shutting down and abandoning module AssetRegistry (73)
[2017.03.27-01.47.51:589][294]LogModuleManager: Shutting down and abandoning module KismetCompiler (72)
[2017.03.27-01.47.51:589][294]LogModuleManager: Shutting down and abandoning module PhysXFormats (71)
[2017.03.27-01.47.51:589][294]LogModuleManager: Shutting down and abandoning module SimplygonSwarm (70)
[2017.03.27-01.47.51:589][294]LogModuleManager: Shutting down and abandoning module SimplygonMeshReduction (69)
[2017.03.27-01.47.51:589][294]LogModuleManager: Shutting down and abandoning module QuadricMeshReduction (68)
[2017.03.27-01.47.51:589][294]LogModuleManager: Shutting down and abandoning module PropertyEditor (67)
[2017.03.27-01.47.51:589][294]LogModuleManager: Shutting down and abandoning module MeshUtilities (66)
[2017.03.27-01.47.51:589][294]LogModuleManager: Shutting down and abandoning module DerivedDataCache (65)
[2017.03.27-01.47.51:636][294]LogDerivedDataCache: Shutdown
[2017.03.27-01.47.51:636][294]LogModuleManager: Shutting down and abandoning module VulkanShaderFormat (64)
[2017.03.27-01.47.51:636][294]LogModuleManager: Shutting down and abandoning module ShaderFormatOpenGL (63)
[2017.03.27-01.47.51:636][294]LogModuleManager: Shutting down and abandoning module ShaderFormatD3D (62)
[2017.03.27-01.47.51:636][294]LogModuleManager: Shutting down and abandoning module MetalShaderFormat (61)
[2017.03.27-01.47.51:636][294]LogModuleManager: Shutting down and abandoning module TextureFormatUncompressed (60)
[2017.03.27-01.47.51:636][294]LogModuleManager: Shutting down and abandoning module TextureFormatPVR (59)
[2017.03.27-01.47.51:636][294]LogModuleManager: Shutting down and abandoning module TextureFormatDXT (58)
[2017.03.27-01.47.51:636][294]LogModuleManager: Shutting down and abandoning module TextureFormatIntelISPCTexComp (57)
[2017.03.27-01.47.51:636][294]LogModuleManager: Shutting down and abandoning module ImageWrapper (56)
[2017.03.27-01.47.51:636][294]LogModuleManager: Shutting down and abandoning module TextureFormatASTC (55)
[2017.03.27-01.47.51:636][294]LogModuleManager: Shutting down and abandoning module TextureFormatAndroid (54)
[2017.03.27-01.47.51:636][294]LogModuleManager: Shutting down and abandoning module AudioFormatOpus (53)
[2017.03.27-01.47.51:636][294]LogModuleManager: Shutting down and abandoning module AudioFormatOgg (52)
[2017.03.27-01.47.51:636][294]LogModuleManager: Shutting down and abandoning module AudioFormatADPCM (51)
[2017.03.27-01.47.51:636][294]LogModuleManager: Shutting down and abandoning module LinuxTargetPlatform (50)
[2017.03.27-01.47.51:636][294]LogModuleManager: Shutting down and abandoning module LinuxServerTargetPlatform (49)
[2017.03.27-01.47.51:636][294]LogModuleManager: Shutting down and abandoning module LinuxNoEditorTargetPlatform (48)
[2017.03.27-01.47.51:636][294]LogModuleManager: Shutting down and abandoning module LinuxClientTargetPlatform (47)
[2017.03.27-01.47.51:636][294]LogModuleManager: Shutting down and abandoning module TVOSTargetPlatform (46)
[2017.03.27-01.47.51:636][294]LogModuleManager: Shutting down and abandoning module Messaging (45)
[2017.03.27-01.47.51:636][294]LogModuleManager: Shutting down and abandoning module IOSTargetPlatform (44)
[2017.03.27-01.47.51:636][294]LogModuleManager: Shutting down and abandoning module HTML5TargetPlatform (43)
[2017.03.27-01.47.51:636][294]LogModuleManager: Shutting down and abandoning module Android_PVRTCTargetPlatform (42)
[2017.03.27-01.47.51:636][294]LogModuleManager: Shutting down and abandoning module Android_MultiTargetPlatform (41)
[2017.03.27-01.47.51:636][294]LogModuleManager: Shutting down and abandoning module Android_ETC2TargetPlatform (40)
[2017.03.27-01.47.51:636][294]LogModuleManager: Shutting down and abandoning module Android_ETC1TargetPlatform (39)
[2017.03.27-01.47.51:636][294]LogModuleManager: Shutting down and abandoning module Android_DXTTargetPlatform (38)
[2017.03.27-01.47.51:636][294]LogModuleManager: Shutting down and abandoning module Android_ATCTargetPlatform (37)
[2017.03.27-01.47.51:636][294]LogModuleManager: Shutting down and abandoning module Android_ASTCTargetPlatform (36)
[2017.03.27-01.47.51:636][294]LogModuleManager: Shutting down and abandoning module AndroidTargetPlatform (35)
[2017.03.27-01.47.51:636][294]LogModuleManager: Shutting down and abandoning module WindowsTargetPlatform (34)
[2017.03.27-01.47.51:636][294]LogModuleManager: Shutting down and abandoning module WindowsServerTargetPlatform (33)
[2017.03.27-01.47.51:636][294]LogModuleManager: Shutting down and abandoning module WindowsNoEditorTargetPlatform (32)
[2017.03.27-01.47.51:636][294]LogModuleManager: Shutting down and abandoning module WindowsClientTargetPlatform (31)
[2017.03.27-01.47.51:636][294]LogModuleManager: Shutting down and abandoning module MacTargetPlatform (30)
[2017.03.27-01.47.51:636][294]LogModuleManager: Shutting down and abandoning module MacServerTargetPlatform (29)
[2017.03.27-01.47.51:636][294]LogModuleManager: Shutting down and abandoning module MacNoEditorTargetPlatform (28)
[2017.03.27-01.47.51:636][294]LogModuleManager: Shutting down and abandoning module MacClientTargetPlatform (27)
[2017.03.27-01.47.51:636][294]LogModuleManager: Shutting down and abandoning module AllDesktopTargetPlatform (26)
[2017.03.27-01.47.51:636][294]LogModuleManager: Shutting down and abandoning module TargetPlatform (25)
[2017.03.27-01.47.51:636][294]LogModuleManager: Shutting down and abandoning module InputCore (24)
[2017.03.27-01.47.51:636][294]LogModuleManager: Shutting down and abandoning module Settings (23)
[2017.03.27-01.47.51:636][294]LogModuleManager: Shutting down and abandoning module OculusRift (22)
[2017.03.27-01.47.51:636][294]LogModuleManager: Shutting down and abandoning module ExampleDeviceProfileSelector (21)
[2017.03.27-01.47.51:636][294]LogModuleManager: Shutting down and abandoning module OnlineBlueprintSupport (20)
[2017.03.27-01.47.51:636][294]LogModuleManager: Shutting down and abandoning module OnlineSubsystem (18)
[2017.03.27-01.47.51:636][294]LogOnline:Display: Unloading online subsystem: NULL
[2017.03.27-01.47.51:637][294]LogModuleManager: Shutting down and abandoning module SSL (17)
[2017.03.27-01.47.51:638][294]LogModuleManager: Shutting down and abandoning module HTTP (16)
[2017.03.27-01.47.51:639][294]LogModuleManager: Shutting down and abandoning module XMPP (15)
[2017.03.27-01.47.51:639][294]LogModuleManager: Shutting down and abandoning module TextureCompressor (14)
[2017.03.27-01.47.51:639][294]LogModuleManager: Shutting down and abandoning module ShaderCore (13)
[2017.03.27-01.47.51:639][294]LogModuleManager: Shutting down and abandoning module Landscape (12)
[2017.03.27-01.47.51:639][294]LogModuleManager: Shutting down and abandoning module SlateRHIRenderer (11)
[2017.03.27-01.47.51:640][294]LogModuleManager: Shutting down and abandoning module OpenGLDrv (10)
[2017.03.27-01.47.51:640][294]LogModuleManager: Shutting down and abandoning module D3D11RHI (9)
[2017.03.27-01.47.51:640][294]LogModuleManager: Shutting down and abandoning module AnimGraphRuntime (8)
[2017.03.27-01.47.51:640][294]LogModuleManager: Shutting down and abandoning module Renderer (7)
[2017.03.27-01.47.51:640][294]LogModuleManager: Shutting down and abandoning module Engine (6)
[2017.03.27-01.47.51:640][294]LogModuleManager: Shutting down and abandoning module CoreUObject (5)
[2017.03.27-01.47.51:640][294]LogModuleManager: Shutting down and abandoning module NetworkFile (4)
[2017.03.27-01.47.51:640][294]LogModuleManager: Shutting down and abandoning module StreamingFile (3)
[2017.03.27-01.47.51:640][294]LogModuleManager: Shutting down and abandoning module SandboxFile (2)
[2017.03.27-01.47.51:640][294]LogModuleManager: Shutting down and abandoning module PakFile (1)
[2017.03.27-01.47.51:643][294]LogExit: Exiting.
[2017.03.27-01.47.51:654][294]Log file closed, 03/26/17 21:47:51
